epoch (train) 1 | 16:27:32
	Tp:tensor([ 0.0039,  0.4887,  0.0142, -0.0562,  0.4216,  0.0046, -0.0209,  0.0064,
         0.0082,  0.0039,  0.0009,  0.0006, -0.0059,  0.0006, -0.0021],
       requires_grad=True)
	Vq:tensor([ 0.0250,  0.3716,  0.0206,  0.0059,  0.3157, -0.0524, -0.0182,  0.0180,
        -0.0078,  0.2493, -0.0016,  0.0019, -0.0143, -0.0005, -0.0028],
       requires_grad=True)
	250 training points iterated | Loss: 0.04611766338348389
	Tp:tensor([ 1.8125e-03,  4.6244e-01,  2.9580e-02, -2.4824e-02,  4.5946e-01,
        -3.3246e-03, -3.5689e-03, -2.1619e-03,  1.5980e-04,  1.1013e-02,
         3.7549e-03,  3.3546e-03, -5.9641e-03,  7.5582e-04,  6.1960e-04],
       requires_grad=True)
	Vq:tensor([ 0.0058,  0.3721, -0.0149,  0.0120,  0.3233, -0.1423,  0.0479, -0.0192,
         0.0153,  0.3380,  0.0108, -0.0091, -0.0032,  0.0082, -0.0028],
       requires_grad=True)
	500 training points iterated | Loss: 0.03778780624270439
	Tp:tensor([ 4.0914e-02,  4.7126e-01,  3.5294e-02,  8.6010e-03,  4.4134e-01,
         1.1883e-02, -2.7019e-03,  2.4580e-02,  1.1544e-03,  1.0323e-03,
         9.8325e-04,  6.7366e-05, -3.6459e-03,  3.0377e-05, -2.4896e-04],
       requires_grad=True)
	Vq:tensor([ 0.0029,  0.4256, -0.0059,  0.0322,  0.3642, -0.1921,  0.0560, -0.0073,
         0.0150,  0.4315,  0.0048, -0.0023,  0.0113, -0.0045, -0.0007],
       requires_grad=True)
	750 training points iterated | Loss: 0.036964237689971924
	Tp:tensor([-4.6211e-04,  4.7727e-01, -7.9583e-03, -5.8176e-04,  4.4451e-01,
        -1.5221e-02,  1.7542e-03,  1.7120e-04, -5.8548e-04, -4.8902e-03,
        -3.3782e-04, -2.8719e-04, -6.5706e-04,  1.4904e-04, -2.2810e-04],
       requires_grad=True)
	Vq:tensor([ 3.6351e-03,  4.0805e-01,  1.2766e-02,  1.1691e-02,  3.6552e-01,
        -1.8750e-01, -2.6068e-03, -1.1594e-04, -2.3488e-03,  4.9998e-01,
        -5.0757e-04,  3.8977e-04, -1.1894e-03, -1.8078e-04, -1.3311e-04],
       requires_grad=True)
	1000 training points iterated | Loss: 0.07233335822820663
	Tp:tensor([ 1.5840e-02,  4.7098e-01,  7.0857e-04, -3.3496e-03,  4.3492e-01,
        -1.2041e-02,  1.2675e-03,  7.4524e-04, -1.7325e-03, -8.7847e-05,
        -1.6660e-03, -3.8487e-04, -3.7343e-04, -4.1779e-04, -2.7021e-04],
       requires_grad=True)
	Vq:tensor([-1.6324e-02,  4.1703e-01, -1.4515e-02,  1.3174e-02,  3.6272e-01,
        -1.9080e-01,  8.9283e-03, -4.3835e-03,  7.9494e-03,  5.2167e-01,
        -4.7547e-03, -1.1116e-04,  6.4689e-03, -2.1875e-03,  1.4827e-05],
       requires_grad=True)
	1250 training points iterated | Loss: 0.0345366895198822
	Tp:tensor([ 4.9246e-03,  4.7415e-01, -1.4411e-03, -1.1980e-02,  4.4081e-01,
        -4.4293e-03,  3.9220e-03, -5.8060e-04,  2.7747e-03, -4.4955e-03,
         8.2059e-04,  1.5254e-04,  9.6470e-04, -4.4291e-04,  1.2230e-04],
       requires_grad=True)
	Vq:tensor([-1.4899e-02,  4.2725e-01, -1.0844e-02,  1.5751e-02,  3.7483e-01,
        -1.8002e-01,  1.8559e-03, -1.4526e-04, -1.9663e-03,  5.2890e-01,
         5.9095e-04, -1.7116e-04, -2.0435e-03,  1.4325e-03, -7.6990e-04],
       requires_grad=True)
	1500 training points iterated | Loss: 0.07063990831375122
	Tp:tensor([ 8.9560e-04,  4.7994e-01, -1.8033e-03, -5.0240e-03,  4.3994e-01,
         6.3309e-04,  5.3928e-03, -3.7389e-03,  1.1477e-04,  7.3406e-04,
         5.9875e-05,  1.7345e-04,  1.6743e-03,  1.7744e-04, -6.8055e-05],
       requires_grad=True)
	Vq:tensor([-1.8692e-02,  4.3212e-01, -1.1346e-02,  1.5999e-02,  3.7805e-01,
        -1.7589e-01,  4.1843e-03,  5.0055e-04,  1.4730e-03,  5.3532e-01,
         1.3310e-04, -7.8273e-05,  3.3113e-04,  5.2404e-05,  3.3287e-05],
       requires_grad=True)
	1750 training points iterated | Loss: 0.029867904260754585
	Tp:tensor([ 3.4396e-03,  4.7972e-01,  4.8745e-04, -2.9489e-03,  4.3767e-01,
         2.7300e-04,  2.4730e-03, -1.4814e-04, -2.1196e-04,  8.5933e-04,
         2.2184e-04, -3.9128e-05,  2.7664e-04, -2.3161e-04, -6.0976e-05],
       requires_grad=True)
	Vq:tensor([-9.8701e-03,  4.2853e-01, -1.7908e-03,  1.3523e-02,  3.7713e-01,
        -1.7962e-01,  6.6568e-03,  2.1570e-04, -7.3702e-06,  5.3534e-01,
        -3.9819e-05, -6.6185e-05, -6.0139e-04,  1.0723e-04, -5.5264e-05],
       requires_grad=True)
	2000 training points iterated | Loss: 0.022794310003519058
	Tp:tensor([ 3.9143e-03,  4.7703e-01,  9.0810e-04, -2.3816e-03,  4.4063e-01,
        -1.1977e-04,  4.5388e-03, -2.6392e-04, -8.9903e-05,  6.5824e-05,
         8.6578e-05, -2.1580e-05, -3.3238e-04,  1.9662e-05,  2.5500e-06],
       requires_grad=True)
	Vq:tensor([-7.1095e-03,  4.2733e-01, -9.9016e-05,  1.2347e-02,  3.7637e-01,
        -1.8073e-01,  3.9541e-03,  1.4776e-04,  2.7005e-04,  5.3714e-01,
        -6.5196e-04,  3.2762e-04,  1.6348e-04,  4.0413e-04, -4.3047e-04],
       requires_grad=True)
	2250 training points iterated | Loss: 0.026510881260037422
	Tp:tensor([ 3.7135e-03,  4.7717e-01,  1.6101e-04, -3.4097e-03,  4.4270e-01,
        -5.3440e-04,  3.5481e-03, -9.1533e-05, -7.0134e-05, -1.1641e-04,
         2.1916e-07,  9.9881e-06, -9.0132e-05, -2.9729e-05, -1.2334e-06],
       requires_grad=True)
	Vq:tensor([-6.9747e-03,  4.2590e-01, -4.1141e-04,  1.0586e-02,  3.7870e-01,
        -1.8207e-01,  4.5363e-03, -3.5742e-05,  2.5917e-04,  5.3692e-01,
         9.3695e-05, -9.0379e-05,  3.7041e-04, -2.0007e-04,  1.6470e-05],
       requires_grad=True)
	2500 training points iterated | Loss: 0.038598719984292984
	Tp:tensor([ 2.9818e-03,  4.7731e-01,  3.3465e-05, -2.6469e-03,  4.4270e-01,
        -1.6907e-04,  3.4821e-03, -7.1396e-06,  3.2298e-05,  2.5991e-04,
         3.0572e-05, -3.9390e-06, -7.5155e-07,  9.7010e-06, -6.5177e-06],
       requires_grad=True)
	Vq:tensor([-7.8728e-03,  4.2582e-01, -8.1704e-04,  1.0917e-02,  3.7937e-01,
        -1.8119e-01,  4.4592e-03,  1.4685e-05,  2.9967e-04,  5.3717e-01,
         2.3412e-04,  1.6992e-05,  1.6179e-04, -1.6845e-04,  1.9676e-05],
       requires_grad=True)
	2750 training points iterated | Loss: 0.09190786629915237
	Tp:tensor([ 2.7427e-03,  4.7785e-01,  9.2253e-06, -3.0411e-03,  4.4269e-01,
        -4.7320e-05,  3.2662e-03,  2.4686e-06, -3.0941e-05,  2.9126e-05,
        -2.0326e-06, -1.7969e-06, -3.0831e-05, -1.0093e-05, -6.1139e-06],
       requires_grad=True)
	Vq:tensor([-7.8749e-03,  4.2552e-01, -9.1343e-04,  1.0781e-02,  3.7966e-01,
        -1.8139e-01,  4.2803e-03, -1.8998e-05,  5.2692e-05,  5.3745e-01,
         8.6458e-06, -1.8854e-05,  2.6509e-05, -1.2932e-05,  3.4084e-05],
       requires_grad=True)
	3000 training points iterated | Loss: 0.06658808887004852
	Tp:tensor([ 2.5976e-03,  4.7765e-01, -4.2215e-05, -3.1305e-03,  4.4281e-01,
        -4.4281e-05,  3.2059e-03, -2.1985e-05,  5.3557e-06, -1.8203e-05,
         4.3271e-07, -4.0095e-06, -2.8599e-06,  3.7156e-06,  4.9686e-09],
       requires_grad=True)
	Vq:tensor([-7.5076e-03,  4.2555e-01, -7.3334e-04,  1.0716e-02,  3.7992e-01,
        -1.8124e-01,  4.4277e-03,  3.4774e-05,  3.2023e-05,  5.3759e-01,
        -2.1780e-05,  2.6597e-05, -5.5726e-06, -1.9795e-05,  2.0217e-05],
       requires_grad=True)
	3250 training points iterated | Loss: 0.05408576503396034
	Tp:tensor([ 2.5718e-03,  4.7758e-01, -1.6024e-05, -3.1756e-03,  4.4266e-01,
        -4.1451e-05,  3.3272e-03,  3.7586e-06, -2.4130e-07, -1.1354e-05,
        -1.3664e-06,  3.1219e-07,  6.7908e-06, -5.8260e-08, -3.3814e-07],
       requires_grad=True)
	Vq:tensor([-7.6000e-03,  4.2554e-01, -6.0611e-04,  1.0624e-02,  3.7995e-01,
        -1.8130e-01,  4.2855e-03, -7.7103e-05,  1.3483e-05,  5.3760e-01,
        -2.4606e-05,  1.9356e-05, -4.6416e-05, -5.9838e-06,  8.2609e-06],
       requires_grad=True)
	3500 training points iterated | Loss: 0.07089515030384064
	Tp:tensor([ 2.5602e-03,  4.7756e-01, -4.3186e-05, -3.1796e-03,  4.4271e-01,
        -9.7297e-06,  3.2279e-03,  8.2782e-06, -8.0466e-06, -2.3121e-05,
         4.1921e-06, -8.0285e-07, -1.2558e-05, -2.1213e-06, -5.9854e-08],
       requires_grad=True)
	Vq:tensor([-7.5968e-03,  4.2550e-01, -4.9794e-04,  1.0598e-02,  3.8006e-01,
        -1.8129e-01,  4.2540e-03, -3.9595e-05,  7.7928e-06,  5.3765e-01,
        -1.0386e-05,  3.8763e-06, -5.7547e-06,  6.0170e-06, -4.6427e-06],
       requires_grad=True)
	3750 training points iterated | Loss: 0.07025910168886185
	Tp:tensor([ 2.5943e-03,  4.7757e-01,  1.8112e-05, -3.2255e-03,  4.4277e-01,
        -3.4496e-05,  3.1396e-03, -8.0990e-06,  8.7078e-07,  1.3049e-05,
         1.6929e-06,  2.5781e-07, -9.6340e-06,  4.7159e-07,  5.8097e-07],
       requires_grad=True)
	Vq:tensor([-7.5447e-03,  4.2547e-01, -4.5549e-04,  1.0575e-02,  3.8006e-01,
        -1.8128e-01,  4.1683e-03,  8.3139e-06,  3.5811e-06,  5.3769e-01,
        -7.0299e-06,  4.0456e-06, -7.7473e-07, -6.8669e-07, -8.5534e-07],
       requires_grad=True)
	4000 training points iterated | Loss: 0.03944164142012596
	Tp:tensor([ 2.6109e-03,  4.7757e-01,  1.4157e-05, -3.2052e-03,  4.4277e-01,
        -1.5393e-05,  3.1481e-03,  4.0556e-06, -1.0336e-06,  6.5731e-06,
        -8.0311e-07,  2.8804e-07, -2.8975e-07,  8.6153e-07, -2.6465e-08],
       requires_grad=True)
	Vq:tensor([-7.5638e-03,  4.2546e-01, -4.3499e-04,  1.0585e-02,  3.8005e-01,
        -1.8128e-01,  4.1349e-03,  5.8285e-07,  3.1626e-07,  5.3772e-01,
        -6.6069e-06,  4.5035e-06, -1.2832e-05,  1.5614e-06, -7.3151e-07],
       requires_grad=True)
	4250 training points iterated | Loss: 0.03998464718461037
	Tp:tensor([ 2.5883e-03,  4.7756e-01, -4.1779e-06, -3.1978e-03,  4.4278e-01,
         1.3057e-06,  3.1359e-03,  2.0295e-07, -9.4277e-07,  1.6619e-07,
        -4.3079e-07,  2.8284e-07,  3.9352e-07, -4.8845e-08,  3.4656e-08],
       requires_grad=True)
	Vq:tensor([-7.5505e-03,  4.2546e-01, -4.2015e-04,  1.0578e-02,  3.8005e-01,
        -1.8129e-01,  4.1313e-03,  4.5736e-08,  3.9207e-06,  5.3772e-01,
        -8.3024e-07,  2.6826e-07,  1.8914e-06, -4.6532e-07, -1.4455e-07],
       requires_grad=True)
	4500 training points iterated | Loss: 0.05036848783493042
	Tp:tensor([ 2.5899e-03,  4.7756e-01,  3.0621e-06, -3.1926e-03,  4.4278e-01,
        -2.2488e-06,  3.1275e-03, -1.3395e-06,  5.5719e-08, -2.9042e-06,
        -6.5723e-07, -2.3537e-07, -2.1661e-06, -1.4489e-07,  9.4214e-08],
       requires_grad=True)
	Vq:tensor([-7.5377e-03,  4.2547e-01, -4.0458e-04,  1.0575e-02,  3.8006e-01,
        -1.8129e-01,  4.1112e-03,  1.8987e-06, -3.3522e-07,  5.3771e-01,
         1.7790e-07, -3.8147e-08, -2.9848e-06,  6.2950e-10, -2.1075e-08],
       requires_grad=True)
	4750 training points iterated | Loss: 0.07912836223840714
	Tp:tensor([ 2.5854e-03,  4.7756e-01,  1.4457e-06, -3.1940e-03,  4.4279e-01,
        -7.9375e-07,  3.1210e-03,  4.9979e-08, -2.3973e-07,  7.4215e-07,
         3.5420e-07, -2.8752e-08, -1.3624e-07,  3.2762e-07, -6.4878e-08],
       requires_grad=True)
	Vq:tensor([-7.5344e-03,  4.2547e-01, -3.9590e-04,  1.0571e-02,  3.8006e-01,
        -1.8129e-01,  4.1099e-03, -9.5102e-07, -1.7583e-07,  5.3771e-01,
        -1.1298e-07,  5.8259e-08, -1.5838e-07,  4.2034e-07,  9.7205e-08],
       requires_grad=True)
	5000 training points iterated | Loss: 0.05635836347937584
epoch (test) 1 | 16:28:23
	Average position euclidean-norm: 0.03572095358740757
	Average momentum euclidean-norm: 0.03684609784704717
	Average loss: 0.04863143869563937
	Weights: Parameter containing:
tensor([[ 2.5854e-03,  4.7756e-01,  1.4457e-06, -3.1940e-03,  4.4279e-01,
         -7.9375e-07,  3.1210e-03,  4.9979e-08, -2.3973e-07,  7.4215e-07,
          3.5420e-07, -2.8752e-08, -1.3624e-07,  3.2762e-07, -6.4878e-08]],
       requires_grad=True)

epoch (train) 2 | 16:28:29
	Tp:tensor([ 2.5858e-03,  4.7756e-01,  1.6193e-06, -3.1953e-03,  4.4279e-01,
        -1.8769e-07,  3.1171e-03, -1.0895e-07,  2.5360e-08, -4.2190e-07,
         5.3277e-08, -7.2542e-09, -1.9227e-07,  2.0932e-08,  2.3818e-08],
       requires_grad=True)
	Vq:tensor([-7.5339e-03,  4.2547e-01, -3.9318e-04,  1.0570e-02,  3.8006e-01,
        -1.8129e-01,  4.1082e-03, -1.5583e-07, -1.3573e-07,  5.3771e-01,
         7.9663e-09, -2.9542e-09,  3.0365e-07,  2.9754e-08,  8.1654e-09],
       requires_grad=True)
	250 training points iterated | Loss: 0.040868762880563736
	Tp:tensor([ 2.5836e-03,  4.7756e-01,  1.5854e-07, -3.1954e-03,  4.4279e-01,
        -7.5434e-08,  3.1142e-03, -2.8499e-08, -1.2285e-08,  2.8860e-07,
         5.1008e-08,  6.4667e-09, -1.0096e-07,  2.5815e-08, -8.2612e-09],
       requires_grad=True)
	Vq:tensor([-7.5328e-03,  4.2546e-01, -3.9265e-04,  1.0570e-02,  3.8006e-01,
        -1.8129e-01,  4.1081e-03, -3.6935e-07,  2.9571e-07,  5.3772e-01,
         1.3886e-07, -1.2628e-07, -7.0858e-08,  1.1940e-07, -4.6934e-08],
       requires_grad=True)
	500 training points iterated | Loss: 0.03881425783038139
	Tp:tensor([ 2.5841e-03,  4.7756e-01,  5.1750e-07, -3.1950e-03,  4.4279e-01,
         1.9586e-07,  3.1129e-03,  3.3831e-07, -1.0182e-08,  7.5794e-08,
         4.1391e-08, -5.1317e-09, -1.0349e-07, -1.3623e-08,  2.8536e-09],
       requires_grad=True)
	Vq:tensor([-7.5321e-03,  4.2546e-01, -3.9191e-04,  1.0570e-02,  3.8006e-01,
        -1.8129e-01,  4.1087e-03, -7.4259e-08,  2.0944e-07,  5.3772e-01,
         7.4215e-08, -3.7802e-08,  1.8895e-07, -5.1786e-08, -7.9040e-09],
       requires_grad=True)
	750 training points iterated | Loss: 0.03144451603293419
	Tp:tensor([ 2.5838e-03,  4.7756e-01, -1.0094e-07, -3.1949e-03,  4.4279e-01,
         9.5825e-10,  3.1124e-03, -9.8167e-09, -1.1084e-08, -1.0265e-07,
         1.2425e-08,  3.7497e-09, -5.0805e-09,  4.9471e-09,  3.6909e-09],
       requires_grad=True)
	Vq:tensor([-7.5318e-03,  4.2546e-01, -3.9140e-04,  1.0569e-02,  3.8006e-01,
        -1.8129e-01,  4.1082e-03,  5.4057e-08, -6.5062e-08,  5.3772e-01,
        -1.3475e-09,  1.7559e-09, -2.2655e-08,  4.0414e-09,  9.4291e-11],
       requires_grad=True)
	1000 training points iterated | Loss: 0.07158017158508301
	Tp:tensor([ 2.5841e-03,  4.7756e-01,  8.2087e-09, -3.1949e-03,  4.4279e-01,
        -8.9314e-08,  3.1124e-03,  1.1181e-08, -2.4949e-08, -1.2734e-09,
        -2.9350e-08, -1.0589e-08, -5.6402e-09, -6.2848e-09,  3.5204e-10],
       requires_grad=True)
	Vq:tensor([-7.5321e-03,  4.2546e-01, -3.9161e-04,  1.0570e-02,  3.8006e-01,
        -1.8129e-01,  4.1081e-03, -6.9190e-08,  1.2326e-07,  5.3772e-01,
        -8.4022e-08, -2.8170e-09,  1.2100e-07, -3.8268e-08,  3.9084e-09],
       requires_grad=True)
	1250 training points iterated | Loss: 0.03189318627119064
	Tp:tensor([ 2.5839e-03,  4.7756e-01, -1.6331e-08, -3.1950e-03,  4.4279e-01,
        -5.1471e-08,  3.1123e-03, -1.1056e-08,  5.1733e-08, -7.4557e-08,
         1.5415e-08,  9.5747e-10,  1.0622e-08, -1.0482e-09, -2.6478e-10],
       requires_grad=True)
	Vq:tensor([-7.5321e-03,  4.2546e-01, -3.9156e-04,  1.0570e-02,  3.8006e-01,
        -1.8129e-01,  4.1080e-03, -3.4218e-09, -2.9056e-08,  5.3772e-01,
         7.8016e-09, -1.5380e-09, -2.9036e-08,  2.2455e-08, -5.7295e-09],
       requires_grad=True)
	1500 training points iterated | Loss: 0.06934744119644165
	Tp:tensor([ 2.5839e-03,  4.7756e-01, -2.6082e-08, -3.1949e-03,  4.4279e-01,
         9.0518e-09,  3.1123e-03, -5.3355e-08,  1.6677e-09,  1.0450e-08,
        -5.5348e-10,  1.6699e-09,  2.2784e-08,  2.5002e-09,  1.3650e-10],
       requires_grad=True)
	Vq:tensor([-7.5322e-03,  4.2546e-01, -3.9162e-04,  1.0570e-02,  3.8006e-01,
        -1.8129e-01,  4.1081e-03, -1.0933e-08,  2.5428e-08,  5.3772e-01,
         3.2376e-10, -1.1918e-09,  9.8459e-09, -4.2610e-11, -3.0590e-10],
       requires_grad=True)
	1750 training points iterated | Loss: 0.029994705691933632
	Tp:tensor([ 2.5839e-03,  4.7756e-01,  9.7116e-09, -3.1949e-03,  4.4279e-01,
         3.9673e-09,  3.1122e-03, -2.6183e-09, -3.6796e-09,  5.6900e-09,
         3.7781e-09, -1.8033e-09,  5.6343e-09, -6.2902e-10,  3.2625e-11],
       requires_grad=True)
	Vq:tensor([-7.5320e-03,  4.2546e-01, -3.9149e-04,  1.0570e-02,  3.8006e-01,
        -1.8129e-01,  4.1081e-03,  3.9703e-09, -2.4284e-09,  5.3772e-01,
        -7.4329e-10, -3.1539e-10, -9.2318e-09,  1.3740e-09,  2.0954e-10],
       requires_grad=True)
	2000 training points iterated | Loss: 0.02260286919772625
	Tp:tensor([ 2.5839e-03,  4.7756e-01,  1.2854e-08, -3.1949e-03,  4.4279e-01,
        -2.0509e-09,  3.1123e-03, -3.7570e-09, -8.7838e-10,  7.8212e-10,
         3.3202e-10, -6.4249e-10, -4.8925e-09,  3.5065e-11,  1.6614e-10],
       requires_grad=True)
	Vq:tensor([-7.5320e-03,  4.2546e-01, -3.9145e-04,  1.0570e-02,  3.8006e-01,
        -1.8129e-01,  4.1081e-03,  1.7178e-09,  3.7825e-09,  5.3772e-01,
        -8.9934e-09,  5.4751e-09,  2.2364e-09,  5.7447e-09, -5.1557e-09],
       requires_grad=True)
	2250 training points iterated | Loss: 0.02660025842487812
	Tp:tensor([ 2.5839e-03,  4.7756e-01,  2.3545e-09, -3.1949e-03,  4.4279e-01,
        -7.7725e-09,  3.1123e-03, -1.2776e-09, -9.7597e-10, -1.5069e-09,
         1.5406e-10,  2.3650e-10, -1.2903e-09, -4.5203e-10, -1.0901e-10],
       requires_grad=True)
	Vq:tensor([-7.5320e-03,  4.2546e-01, -3.9144e-04,  1.0570e-02,  3.8006e-01,
        -1.8129e-01,  4.1081e-03, -5.4021e-10,  3.8745e-09,  5.3772e-01,
         1.2032e-09, -1.6320e-09,  5.4980e-09, -2.8264e-09,  2.5790e-10],
       requires_grad=True)
	2500 training points iterated | Loss: 0.03850572928786278
	Tp:tensor([ 2.5839e-03,  4.7756e-01,  5.4462e-10, -3.1949e-03,  4.4279e-01,
        -2.5552e-09,  3.1123e-03, -1.5129e-11,  4.1895e-10,  3.8134e-09,
         2.7478e-10, -1.1939e-10,  8.8074e-11, -7.0532e-11, -2.7795e-11],
       requires_grad=True)
	Vq:tensor([-7.5320e-03,  4.2546e-01, -3.9145e-04,  1.0570e-02,  3.8006e-01,
        -1.8129e-01,  4.1081e-03,  2.2124e-10,  4.3116e-09,  5.3772e-01,
         3.1828e-09,  1.5651e-10,  2.3002e-09, -2.1554e-09, -1.3360e-10],
       requires_grad=True)
	2750 training points iterated | Loss: 0.09191951155662537
	Tp:tensor([ 2.5839e-03,  4.7756e-01,  1.6784e-10, -3.1949e-03,  4.4279e-01,
        -8.2054e-10,  3.1123e-03,  3.2662e-11, -3.9537e-10,  3.8636e-10,
         9.1234e-12, -1.1130e-10, -3.8544e-10, -1.2057e-10, -2.0976e-14],
       requires_grad=True)
	Vq:tensor([-7.5320e-03,  4.2546e-01, -3.9145e-04,  1.0570e-02,  3.8006e-01,
        -1.8129e-01,  4.1081e-03, -2.5866e-10,  7.4159e-10,  5.3772e-01,
         1.3303e-10, -3.0445e-10,  3.9959e-10, -1.6355e-10,  5.0065e-10],
       requires_grad=True)
	3000 training points iterated | Loss: 0.06652583181858063
	Tp:tensor([ 2.5839e-03,  4.7756e-01, -6.1688e-10, -3.1949e-03,  4.4279e-01,
        -6.4462e-10,  3.1123e-03, -3.0709e-10,  7.7079e-11, -2.2784e-10,
         6.8752e-12, -7.0519e-11, -3.1994e-12, -4.1340e-11, -1.0604e-11],
       requires_grad=True)
	Vq:tensor([-7.5320e-03,  4.2546e-01, -3.9145e-04,  1.0570e-02,  3.8006e-01,
        -1.8129e-01,  4.1081e-03,  4.8167e-10,  4.6434e-10,  5.3772e-01,
        -2.7559e-10,  3.9271e-10, -8.7634e-11, -2.6878e-10,  1.6229e-10],
       requires_grad=True)
	3250 training points iterated | Loss: 0.05408657342195511
	Tp:tensor([ 2.5839e-03,  4.7756e-01, -2.4272e-10, -3.1949e-03,  4.4279e-01,
        -6.0090e-10,  3.1123e-03,  5.6396e-11, -2.7032e-12, -1.6324e-10,
        -1.4345e-11, -1.6249e-11,  8.6961e-11, -1.7947e-11, -1.2740e-11],
       requires_grad=True)
	Vq:tensor([-7.5320e-03,  4.2546e-01, -3.9144e-04,  1.0570e-02,  3.8006e-01,
        -1.8129e-01,  4.1081e-03, -1.1121e-09,  1.9932e-10,  5.3772e-01,
        -3.7923e-10,  2.4798e-10, -6.7138e-10, -8.5448e-11,  7.5119e-11],
       requires_grad=True)
	3500 training points iterated | Loss: 0.0709114819765091
	Tp:tensor([ 2.5839e-03,  4.7756e-01, -6.1152e-10, -3.1949e-03,  4.4279e-01,
        -1.3882e-10,  3.1123e-03,  1.2073e-10, -1.1423e-10, -3.3133e-10,
         5.7597e-11,  3.9371e-12, -1.6706e-10,  2.6753e-12, -3.8110e-12],
       requires_grad=True)
	Vq:tensor([-7.5320e-03,  4.2546e-01, -3.9144e-04,  1.0570e-02,  3.8006e-01,
        -1.8129e-01,  4.1081e-03, -5.7762e-10,  1.1402e-10,  5.3772e-01,
        -1.4929e-10,  5.8053e-11, -8.1339e-11,  9.3225e-11, -9.6971e-11],
       requires_grad=True)
	3750 training points iterated | Loss: 0.07024212181568146
	Tp:tensor([ 2.5839e-03,  4.7756e-01,  2.6309e-10, -3.1949e-03,  4.4279e-01,
        -4.9212e-10,  3.1123e-03, -1.1546e-10,  1.2628e-11,  1.8576e-10,
         2.0043e-11,  1.5850e-11, -1.4619e-10,  7.1797e-12, -8.5296e-12],
       requires_grad=True)
	Vq:tensor([-7.5320e-03,  4.2546e-01, -3.9144e-04,  1.0570e-02,  3.8006e-01,
        -1.8129e-01,  4.1081e-03,  1.1729e-10,  4.7835e-11,  5.3772e-01,
        -7.5651e-11,  6.0517e-11, -1.3086e-11,  1.6066e-11, -6.2963e-12],
       requires_grad=True)
	4000 training points iterated | Loss: 0.03943772241473198
	Tp:tensor([ 2.5839e-03,  4.7756e-01,  2.0666e-10, -3.1949e-03,  4.4279e-01,
        -2.1933e-10,  3.1123e-03,  5.8237e-11, -1.1138e-11,  9.7556e-11,
        -8.2700e-12,  8.2787e-12, -5.9790e-12,  1.3990e-11, -9.4760e-13],
       requires_grad=True)
	Vq:tensor([-7.5320e-03,  4.2546e-01, -3.9144e-04,  1.0570e-02,  3.8006e-01,
        -1.8129e-01,  4.1081e-03,  7.7372e-12,  6.4988e-12,  5.3772e-01,
        -9.2711e-11,  7.2344e-11, -1.8066e-10,  2.3984e-11, -2.4200e-11],
       requires_grad=True)
	4250 training points iterated | Loss: 0.03998734429478645
	Tp:tensor([ 2.5839e-03,  4.7756e-01, -5.7246e-11, -3.1949e-03,  4.4279e-01,
         1.8757e-11,  3.1123e-03,  3.2140e-12, -1.3893e-11,  2.6545e-12,
        -6.0955e-12, -3.3908e-15,  6.5490e-12,  3.1799e-13,  5.8569e-13],
       requires_grad=True)
	Vq:tensor([-7.5320e-03,  4.2546e-01, -3.9144e-04,  1.0570e-02,  3.8006e-01,
        -1.8129e-01,  4.1081e-03,  1.4605e-12,  6.0254e-11,  5.3772e-01,
        -1.2284e-11,  6.5459e-12,  2.1899e-11, -7.0858e-12, -1.4918e-12],
       requires_grad=True)
	4500 training points iterated | Loss: 0.05036882683634758
	Tp:tensor([ 2.5839e-03,  4.7756e-01,  4.4612e-11, -3.1949e-03,  4.4279e-01,
        -3.2458e-11,  3.1123e-03, -1.8995e-11,  2.0676e-12, -4.1200e-11,
        -8.3046e-12,  1.6607e-12, -3.0481e-11, -4.2231e-12,  1.2898e-12],
       requires_grad=True)
	Vq:tensor([-7.5320e-03,  4.2546e-01, -3.9144e-04,  1.0570e-02,  3.8006e-01,
        -1.8129e-01,  4.1081e-03,  2.6792e-11, -4.8943e-12,  5.3772e-01,
         2.6668e-12,  7.0654e-13, -4.4065e-11, -3.5940e-13,  1.4428e-12],
       requires_grad=True)
	4750 training points iterated | Loss: 0.07912872731685638
	Tp:tensor([ 2.5839e-03,  4.7756e-01,  2.1546e-11, -3.1949e-03,  4.4279e-01,
        -1.1691e-11,  3.1123e-03,  6.9004e-13, -3.9177e-12,  1.0883e-11,
         5.9961e-12, -1.0495e-12, -1.7827e-12,  3.1629e-12,  1.8768e-13],
       requires_grad=True)
	Vq:tensor([-7.5320e-03,  4.2546e-01, -3.9144e-04,  1.0570e-02,  3.8006e-01,
        -1.8129e-01,  4.1081e-03, -1.3245e-11, -2.6243e-12,  5.3772e-01,
        -2.2487e-12,  9.0277e-13, -2.7015e-12,  6.1229e-12,  1.8199e-13],
       requires_grad=True)
	5000 training points iterated | Loss: 0.05635808780789375
epoch (test) 2 | 16:29:17
	Average position euclidean-norm: 0.035720959931635855
	Average momentum euclidean-norm: 0.036846063629234704
	Average loss: 0.0486313955064863
	Weights: Parameter containing:
tensor([[ 2.5839e-03,  4.7756e-01,  2.1546e-11, -3.1949e-03,  4.4279e-01,
         -1.1691e-11,  3.1123e-03,  6.9004e-13, -3.9177e-12,  1.0883e-11,
          5.9961e-12, -1.0495e-12, -1.7827e-12,  3.1629e-12,  1.8768e-13]],
       requires_grad=True)

epoch (train) 3 | 16:29:24
learning rate decayed to 0.001
	Tp:tensor([ 3.4529e-03,  4.8412e-01,  1.7641e-03, -1.2013e-02,  4.4725e-01,
        -1.6174e-03, -5.2235e-03, -8.6569e-04,  5.1854e-04, -2.1940e-03,
         3.7642e-04, -2.5297e-05, -1.5574e-03,  2.0748e-04, -5.5162e-06],
       requires_grad=True)
	Vq:tensor([-5.7729e-03,  4.2432e-01,  8.2448e-04,  1.0899e-03,  3.8444e-01,
        -1.8688e-01, -2.3298e-04, -1.8426e-03, -9.0369e-04,  5.5132e-01,
        -1.7059e-04,  1.2936e-04,  2.0346e-03, -7.5671e-06, -1.3807e-04],
       requires_grad=True)
	250 training points iterated | Loss: 0.041175562888383865
	Tp:tensor([-5.4202e-03,  4.8425e-01, -1.0361e-03, -1.1869e-02,  4.4702e-01,
        -2.7833e-04, -1.1915e-02, -5.4169e-05,  2.6676e-05,  1.5612e-03,
         3.4536e-04,  2.4596e-04, -7.1615e-04,  8.8208e-06, -1.1724e-04],
       requires_grad=True)
	Vq:tensor([-1.5737e-03,  4.1642e-01, -5.3442e-03,  2.1586e-03,  3.7717e-01,
        -1.9207e-01,  4.7317e-03, -2.7086e-03,  1.8408e-03,  5.5042e-01,
         1.0725e-03, -9.4976e-04, -8.2293e-04,  7.9198e-04, -1.6546e-04],
       requires_grad=True)
	500 training points iterated | Loss: 0.03998732194304466
	Tp:tensor([ 1.6307e-03,  4.8316e-01,  3.5753e-03, -6.7665e-03,  4.4614e-01,
         1.2325e-03, -1.2706e-02,  3.0605e-03,  3.5764e-05,  2.5271e-04,
         3.9339e-05,  2.3664e-05, -5.8091e-04, -9.2344e-05, -5.8610e-06],
       requires_grad=True)
	Vq:tensor([ 2.6675e-04,  4.2135e-01, -2.1737e-03,  3.7237e-03,  3.7755e-01,
        -1.9718e-01,  8.6684e-03, -8.3415e-04,  1.6838e-03,  5.5596e-01,
         5.2604e-04, -2.6915e-04,  1.9856e-03, -9.5192e-04,  4.5291e-05],
       requires_grad=True)
	750 training points iterated | Loss: 0.031198475509881973
	Tp:tensor([-2.5790e-04,  4.8459e-01, -7.5974e-04, -5.2348e-03,  4.4420e-01,
         5.6643e-04, -1.0680e-02, -7.9229e-05,  1.1295e-05, -7.0202e-04,
         4.6978e-05, -2.6024e-05, -5.1284e-05, -4.7924e-05, -3.6301e-05],
       requires_grad=True)
	Vq:tensor([ 9.3228e-04,  4.1919e-01,  9.2830e-04,  3.0587e-03,  3.7719e-01,
        -1.9559e-01,  4.5877e-03,  2.9618e-04, -4.3122e-04,  5.6237e-01,
        -3.7132e-05,  1.5837e-06, -2.2735e-04,  1.7129e-05,  1.3688e-05],
       requires_grad=True)
	1000 training points iterated | Loss: 0.07243216782808304
	Tp:tensor([ 1.9785e-03,  4.8325e-01,  7.8527e-05, -5.0545e-03,  4.4288e-01,
        -6.3147e-04, -8.0394e-03,  7.2937e-05, -1.6582e-04, -7.3470e-05,
        -1.6985e-04, -2.1248e-05, -5.2690e-05,  7.2132e-07,  3.7739e-06],
       requires_grad=True)
	Vq:tensor([-1.3379e-03,  4.2072e-01, -1.6722e-03,  3.6911e-03,  3.7660e-01,
        -1.9578e-01,  4.1876e-03, -5.5304e-04,  8.8794e-04,  5.6405e-01,
        -6.5159e-04, -1.9950e-05,  7.4739e-04, -2.7783e-04, -3.6585e-05],
       requires_grad=True)
	1250 training points iterated | Loss: 0.031685784459114075
	Tp:tensor([ 1.0864e-03,  4.8348e-01, -1.1550e-04, -6.0531e-03,  4.4353e-01,
        -3.6002e-04, -7.2604e-03, -6.8293e-05,  3.4999e-04, -5.1221e-04,
         7.8978e-05,  8.6658e-06,  9.1680e-05, -1.2292e-05,  1.7086e-06],
       requires_grad=True)
	Vq:tensor([-1.6903e-03,  4.2182e-01, -1.4615e-03,  4.0670e-03,  3.7773e-01,
        -1.9466e-01,  3.3740e-03, -7.4843e-05, -2.0292e-04,  5.6475e-01,
         8.4932e-05, -1.1833e-05, -2.1853e-04,  1.7217e-04, -1.1310e-04],
       requires_grad=True)
	1500 training points iterated | Loss: 0.06956695765256882
	Tp:tensor([ 7.4590e-04,  4.8395e-01, -1.2562e-04, -5.3763e-03,  4.4343e-01,
         6.3899e-05, -6.2020e-03, -3.7225e-04,  6.3847e-06,  7.8632e-05,
        -1.4676e-06,  1.5042e-05,  1.4223e-04,  1.3166e-05, -5.5614e-06],
       requires_grad=True)
	Vq:tensor([-2.4340e-03,  4.2220e-01, -1.8854e-03,  4.3381e-03,  3.7801e-01,
        -1.9405e-01,  3.4684e-03, -7.2171e-05,  1.7964e-04,  5.6551e-01,
         4.3939e-06, -1.2377e-05,  8.7652e-05,  4.9750e-06,  6.4713e-06],
       requires_grad=True)
	1750 training points iterated | Loss: 0.02944193221628666
	Tp:tensor([ 9.9804e-04,  4.8392e-01,  5.3613e-05, -5.1375e-03,  4.4322e-01,
         3.4380e-05, -5.9772e-03, -1.7327e-05, -2.5359e-05,  9.0364e-05,
         2.6253e-05, -1.1490e-05,  1.8444e-05, -1.3790e-05,  2.2077e-06],
       requires_grad=True)
	Vq:tensor([-1.6303e-03,  4.2175e-01, -9.7872e-04,  4.2576e-03,  3.7805e-01,
        -1.9418e-01,  3.7698e-03,  2.5924e-05, -1.4835e-05,  5.6558e-01,
        -5.9543e-06, -2.8435e-06, -6.4959e-05,  1.2044e-05,  6.3782e-07],
       requires_grad=True)
	2000 training points iterated | Loss: 0.021911505609750748
	Tp:tensor([ 1.0393e-03,  4.8365e-01,  8.8327e-05, -5.0536e-03,  4.4348e-01,
        -1.1659e-05, -5.4768e-03, -2.8415e-05, -8.8771e-06,  6.9767e-06,
        -1.5608e-07, -1.3530e-06, -3.4120e-05, -2.1419e-07, -6.6773e-07],
       requires_grad=True)
	Vq:tensor([-1.4874e-03,  4.2169e-01, -7.0997e-04,  4.2269e-03,  3.7797e-01,
        -1.9422e-01,  3.4863e-03,  5.6610e-05,  2.7436e-05,  5.6579e-01,
        -6.6758e-05,  3.7339e-05,  1.6207e-05,  4.3212e-05, -3.9343e-05],
       requires_grad=True)
	2250 training points iterated | Loss: 0.026981070637702942
	Tp:tensor([ 1.0189e-03,  4.8367e-01,  1.5168e-05, -5.1554e-03,  4.4368e-01,
        -5.3363e-05, -5.4159e-03, -9.5781e-06, -6.8185e-06, -1.1108e-05,
        -8.3608e-07,  2.0727e-06, -1.0865e-05, -4.0655e-07, -1.4233e-07],
       requires_grad=True)
	Vq:tensor([-1.4817e-03,  4.2162e-01, -6.6150e-04,  4.0565e-03,  3.7821e-01,
        -1.9434e-01,  3.5399e-03, -3.0421e-06,  3.0756e-05,  5.6573e-01,
         8.5277e-06, -7.7786e-06,  3.8743e-05, -1.6321e-05,  2.2455e-06],
       requires_grad=True)
	2500 training points iterated | Loss: 0.03753577545285225
	Tp:tensor([ 9.5637e-04,  4.8367e-01,  7.5958e-06, -5.0789e-03,  4.4368e-01,
        -1.6467e-05, -5.3360e-03, -5.8818e-08,  2.8967e-06,  3.0433e-05,
         2.3955e-06, -4.4648e-07, -1.6925e-06,  2.2359e-06, -1.0031e-06],
       requires_grad=True)
	Vq:tensor([-1.5788e-03,  4.2162e-01, -7.0311e-04,  4.0972e-03,  3.7828e-01,
        -1.9425e-01,  3.5362e-03,  1.3042e-06,  2.9951e-05,  5.6576e-01,
         2.2295e-05, -1.0125e-06,  1.6169e-05, -1.3930e-05,  2.7175e-07],
       requires_grad=True)
	2750 training points iterated | Loss: 0.09176526218652725
	Tp:tensor([ 9.2911e-04,  4.8371e-01,  1.5153e-06, -5.1178e-03,  4.4368e-01,
        -4.1516e-06, -5.2995e-03,  3.4154e-07, -4.1112e-06,  1.4111e-06,
         1.8284e-06, -4.9525e-07, -3.0446e-06, -4.1672e-07,  3.2501e-07],
       requires_grad=True)
	Vq:tensor([-1.5874e-03,  4.2160e-01, -7.1195e-04,  4.0972e-03,  3.7832e-01,
        -1.9425e-01,  3.5158e-03, -3.2798e-06,  4.6794e-06,  5.6578e-01,
         2.0022e-06, -2.1542e-06,  2.4750e-06, -1.9620e-06,  3.3730e-06],
       requires_grad=True)
	3000 training points iterated | Loss: 0.06583160907030106
	Tp:tensor([ 9.1707e-04,  4.8369e-01, -4.4396e-06, -5.1267e-03,  4.4370e-01,
        -4.3493e-06, -5.2779e-03, -2.1460e-06,  5.7081e-07, -1.6704e-06,
         4.2550e-08, -2.7328e-07, -3.9023e-07, -4.4560e-07,  5.6432e-08],
       requires_grad=True)
	Vq:tensor([-1.5528e-03,  4.2160e-01, -6.9498e-04,  4.0957e-03,  3.7835e-01,
        -1.9423e-01,  3.5320e-03,  3.1912e-06,  3.0510e-06,  5.6580e-01,
        -1.8695e-06,  2.7870e-06, -5.1759e-07, -1.8028e-06,  1.1224e-06],
       requires_grad=True)
	3250 training points iterated | Loss: 0.05482105165719986
	Tp:tensor([ 9.1305e-04,  4.8368e-01, -3.0896e-06, -5.1289e-03,  4.4368e-01,
        -3.8375e-06, -5.2472e-03,  2.9158e-07, -5.5745e-08, -1.1099e-06,
        -1.3191e-07, -6.4663e-08,  5.9017e-07, -2.5787e-08, -7.0059e-08],
       requires_grad=True)
	Vq:tensor([-1.5651e-03,  4.2160e-01, -6.8400e-04,  4.0899e-03,  3.7836e-01,
        -1.9423e-01,  3.5143e-03, -1.3731e-05,  1.1608e-06,  5.6580e-01,
        -2.4603e-06,  1.7977e-06, -3.6422e-06, -6.3557e-07,  7.7728e-07],
       requires_grad=True)
	3500 training points iterated | Loss: 0.0722072497010231
	Tp:tensor([ 9.1264e-04,  4.8368e-01, -4.0833e-06, -5.1293e-03,  4.4369e-01,
        -9.6385e-07, -5.2471e-03,  1.0009e-06, -9.4573e-07, -1.8946e-06,
         9.0295e-07, -2.5109e-07, -9.7555e-07, -3.1974e-08, -7.9695e-08],
       requires_grad=True)
	Vq:tensor([-1.5666e-03,  4.2160e-01, -6.7378e-04,  4.0874e-03,  3.7837e-01,
        -1.9423e-01,  3.5132e-03, -1.1150e-05,  6.9613e-07,  5.6580e-01,
        -1.0887e-06,  4.4799e-07, -4.6828e-07,  6.4388e-07, -5.6012e-07],
       requires_grad=True)
	3750 training points iterated | Loss: 0.0698203518986702
	Tp:tensor([ 9.1671e-04,  4.8368e-01,  2.1284e-06, -5.1339e-03,  4.4369e-01,
        -3.4170e-06, -5.2496e-03, -3.8341e-07,  1.2325e-07,  1.3473e-06,
         1.9912e-07,  1.1153e-07, -1.1014e-06,  4.8311e-08, -2.7281e-09],
       requires_grad=True)
	Vq:tensor([-1.5630e-03,  4.2160e-01, -6.7006e-04,  4.0859e-03,  3.7837e-01,
        -1.9423e-01,  3.5043e-03, -2.4628e-06,  3.5974e-07,  5.6581e-01,
        -5.5622e-07,  2.5431e-07, -4.1770e-08, -5.3018e-08, -3.7238e-08],
       requires_grad=True)
	4000 training points iterated | Loss: 0.038783010095357895
	Tp:tensor([ 9.1807e-04,  4.8368e-01,  1.5422e-06, -5.1318e-03,  4.4369e-01,
        -1.4879e-06, -5.2453e-03,  4.0644e-07, -4.1438e-08,  7.3575e-07,
        -3.0321e-08, -2.2164e-08, -3.9950e-08,  6.6946e-08,  5.3982e-09],
       requires_grad=True)
	Vq:tensor([-1.5654e-03,  4.2159e-01, -6.6808e-04,  4.0876e-03,  3.7837e-01,
        -1.9423e-01,  3.5010e-03, -4.2829e-07,  8.0859e-09,  5.6581e-01,
        -6.4121e-07,  4.6688e-07, -1.3682e-06,  1.6467e-08, -1.8642e-08],
       requires_grad=True)
	4250 training points iterated | Loss: 0.0401395820081234
	Tp:tensor([ 9.1608e-04,  4.8367e-01, -1.6518e-07, -5.1309e-03,  4.4369e-01,
         1.2908e-07, -5.2443e-03,  2.1833e-08, -8.5155e-08, -8.2979e-08,
        -2.2960e-08, -5.5720e-09, -9.4955e-09, -5.2273e-09,  3.0299e-09],
       requires_grad=True)
	Vq:tensor([-1.5640e-03,  4.2159e-01, -6.6660e-04,  4.0876e-03,  3.7837e-01,
        -1.9423e-01,  3.5004e-03, -3.9135e-08,  3.0052e-07,  5.6581e-01,
        -8.3431e-08,  1.0444e-08,  1.6309e-07, -4.4786e-08, -1.0651e-08],
       requires_grad=True)
	4500 training points iterated | Loss: 0.050860531628131866
	Tp:tensor([ 9.1625e-04,  4.8367e-01,  4.4147e-07, -5.1303e-03,  4.4369e-01,
        -1.2009e-07, -5.2440e-03, -1.8938e-07,  1.5373e-08, -2.0047e-07,
        -6.0451e-08,  1.6296e-08, -1.1962e-07, -2.5611e-08, -6.0896e-09],
       requires_grad=True)
	Vq:tensor([-1.5629e-03,  4.2159e-01, -6.6513e-04,  4.0877e-03,  3.7837e-01,
        -1.9423e-01,  3.4986e-03,  9.1817e-08,  7.1261e-09,  5.6581e-01,
         4.9711e-09,  1.4457e-08, -1.9136e-07,  2.0189e-09,  7.7203e-09],
       requires_grad=True)
	4750 training points iterated | Loss: 0.079201340675354
	Tp:tensor([ 9.1584e-04,  4.8367e-01,  2.7135e-07, -5.1304e-03,  4.4369e-01,
        -4.1890e-08, -5.2440e-03,  1.8408e-09, -2.7521e-08,  8.7845e-08,
         4.1032e-08,  7.2911e-09, -1.5134e-08,  2.4144e-08, -2.8482e-09],
       requires_grad=True)
	Vq:tensor([-1.5627e-03,  4.2159e-01, -6.6438e-04,  4.0875e-03,  3.7837e-01,
        -1.9423e-01,  3.4986e-03, -9.5780e-08, -1.7965e-08,  5.6581e-01,
        -1.2570e-08,  5.4480e-09, -1.8053e-08,  3.2460e-08,  4.4488e-09],
       requires_grad=True)
	5000 training points iterated | Loss: 0.055197082459926605
epoch (test) 3 | 16:30:11
	Average position euclidean-norm: 0.035722379112198416
	Average momentum euclidean-norm: 0.03673562584328323
	Average loss: 0.04858973426669836
	Weights: Parameter containing:
tensor([[ 9.1584e-04,  4.8367e-01,  2.7135e-07, -5.1304e-03,  4.4369e-01,
         -4.1890e-08, -5.2440e-03,  1.8408e-09, -2.7521e-08,  8.7845e-08,
          4.1032e-08,  7.2911e-09, -1.5134e-08,  2.4144e-08, -2.8482e-09]],
       requires_grad=True)

epoch (train) 4 | 16:30:18
learning rate decayed to 0.0001
	Tp:tensor([ 1.5296e-03,  4.8411e-01,  4.9228e-04, -6.0576e-03,  4.4414e-01,
        -1.5830e-04, -5.5216e-03, -9.5214e-05,  4.0135e-05, -2.7356e-04,
        -1.9243e-06, -5.7489e-06, -1.3645e-04,  1.2223e-06, -2.6610e-06],
       requires_grad=True)
	Vq:tensor([-1.6587e-03,  4.2137e-01,  1.0675e-04,  3.4030e-03,  3.7891e-01,
        -1.9414e-01,  2.1497e-03, -1.2208e-04, -1.1057e-04,  5.6706e-01,
         2.5690e-05,  7.6773e-06,  7.2124e-05,  5.7769e-05, -9.2247e-07],
       requires_grad=True)
	250 training points iterated | Loss: 0.041493888944387436
	Tp:tensor([ 3.7030e-04,  4.8414e-01,  9.8561e-06, -6.1358e-03,  4.4402e-01,
        -5.1279e-05, -6.2914e-03,  7.6164e-06,  5.3417e-06,  1.8990e-04,
         5.3906e-05, -2.9708e-05, -6.3918e-05,  8.9658e-06, -4.8892e-06],
       requires_grad=True)
	Vq:tensor([-1.0946e-03,  4.2069e-01, -5.0771e-04,  3.6095e-03,  3.7825e-01,
        -1.9463e-01,  2.2149e-03, -2.8323e-04,  1.9697e-04,  5.6691e-01,
         9.9715e-05, -7.5383e-05, -8.3279e-05,  7.2503e-05, -3.1540e-05],
       requires_grad=True)
	500 training points iterated | Loss: 0.03928307816386223
	Tp:tensor([ 7.5501e-04,  4.8400e-01,  3.6927e-04, -5.6938e-03,  4.4403e-01,
         1.2350e-04, -6.3146e-03,  3.0647e-04,  5.5382e-06,  3.0656e-05,
         7.4501e-07,  7.6559e-06, -6.0384e-05,  1.2985e-06,  2.9751e-06],
       requires_grad=True)
	Vq:tensor([-6.8475e-04,  4.2113e-01, -1.8659e-04,  3.7174e-03,  3.7831e-01,
        -1.9514e-01,  2.6731e-03, -8.6416e-05,  1.6565e-04,  5.6741e-01,
         5.1121e-05, -3.1296e-05,  2.1156e-04, -8.3444e-05, -5.5902e-06],
       requires_grad=True)
	750 training points iterated | Loss: 0.03058646246790886
	Tp:tensor([ 5.8523e-04,  4.8412e-01, -5.5320e-05, -5.6153e-03,  4.4393e-01,
        -1.3286e-05, -6.1269e-03, -8.2359e-06, -5.5262e-06, -7.1609e-05,
         1.2931e-05, -4.3364e-06, -1.5311e-06,  7.3938e-07, -5.0086e-06],
       requires_grad=True)
	Vq:tensor([-5.2607e-04,  4.2092e-01,  9.1900e-05,  3.6542e-03,  3.7828e-01,
        -1.9498e-01,  2.3152e-03,  3.6400e-05, -4.3664e-05,  5.6806e-01,
        -1.2781e-06, -2.4963e-06, -2.8575e-05,  1.7070e-06,  1.1996e-06],
       requires_grad=True)
	1000 training points iterated | Loss: 0.07235582917928696
	Tp:tensor([ 7.7972e-04,  4.8396e-01,  8.1161e-06, -5.6109e-03,  4.4379e-01,
        -6.1844e-05, -5.8990e-03,  6.3275e-06, -1.5211e-05, -5.9602e-06,
        -1.2267e-05, -3.9448e-06, -1.7681e-06, -2.1342e-06, -2.9515e-06],
       requires_grad=True)
	Vq:tensor([-7.2182e-04,  4.2107e-01, -1.6688e-04,  3.6965e-03,  3.7818e-01,
        -1.9506e-01,  2.2702e-03, -5.4229e-05,  8.8964e-05,  5.6823e-01,
        -6.5627e-05, -1.3753e-06,  7.5827e-05, -2.6726e-05,  1.1128e-06],
       requires_grad=True)
	1250 training points iterated | Loss: 0.031502190977334976
	Tp:tensor([ 6.9051e-04,  4.8398e-01, -1.1672e-05, -5.7049e-03,  4.4385e-01,
        -3.6072e-05, -5.8185e-03, -6.5922e-06,  3.5196e-05, -5.2250e-05,
         6.6007e-06, -4.7090e-07,  7.6656e-06, -2.5918e-06, -6.1587e-08],
       requires_grad=True)
	Vq:tensor([-7.5707e-04,  4.2118e-01, -1.4581e-04,  3.7339e-03,  3.7829e-01,
        -1.9494e-01,  2.1889e-03, -7.5378e-06, -2.0315e-05,  5.6830e-01,
         8.4986e-06, -1.8060e-06, -2.2537e-05,  1.5294e-05, -5.9294e-06],
       requires_grad=True)
	1500 training points iterated | Loss: 0.06943327933549881
	Tp:tensor([ 6.5647e-04,  4.8403e-01, -1.2754e-05, -5.6372e-03,  4.4384e-01,
         6.3790e-06, -5.7125e-03, -3.7790e-05,  6.2874e-07,  7.6341e-06,
         3.7607e-07,  1.8313e-06,  1.4411e-05, -4.1856e-07,  2.9382e-07],
       requires_grad=True)
	Vq:tensor([-8.3151e-04,  4.2122e-01, -1.8819e-04,  3.7610e-03,  3.7832e-01,
        -1.9488e-01,  2.1983e-03, -7.2831e-06,  1.8215e-05,  5.6837e-01,
         7.0550e-07, -6.5476e-07,  7.3751e-06,  5.2449e-07, -2.1401e-07],
       requires_grad=True)
	1750 training points iterated | Loss: 0.029412666335701942
	Tp:tensor([ 6.8168e-04,  4.8403e-01,  5.3600e-06, -5.6133e-03,  4.4382e-01,
         3.4201e-06, -5.6900e-03, -1.7871e-06, -1.9821e-06,  9.0498e-06,
         3.0863e-06, -9.0347e-07,  1.4066e-06, -4.9764e-07,  2.3124e-07],
       requires_grad=True)
	Vq:tensor([-7.5109e-04,  4.2117e-01, -9.7556e-05,  3.7530e-03,  3.7832e-01,
        -1.9490e-01,  2.2285e-03,  2.6079e-06, -1.2853e-06,  5.6838e-01,
        -6.7548e-07, -5.3897e-07, -6.6493e-06,  1.2773e-06,  1.3894e-07],
       requires_grad=True)
	2000 training points iterated | Loss: 0.02184034138917923
	Tp:tensor([ 6.8580e-04,  4.8400e-01,  8.8393e-06, -5.6049e-03,  4.4385e-01,
        -1.1833e-06, -5.6399e-03, -2.6863e-06, -9.0621e-07,  6.8146e-07,
         1.8301e-07, -2.7636e-07, -3.7087e-06, -6.9958e-08, -2.4639e-07],
       requires_grad=True)
	Vq:tensor([-7.3679e-04,  4.2117e-01, -7.0688e-05,  3.7499e-03,  3.7832e-01,
        -1.9490e-01,  2.2001e-03,  5.6860e-06,  2.8786e-06,  5.6840e-01,
        -6.4266e-06,  3.4032e-06,  1.6900e-06,  4.4100e-06, -3.8684e-06],
       requires_grad=True)
	2250 training points iterated | Loss: 0.027052374556660652
	Tp:tensor([ 6.8374e-04,  4.8400e-01,  1.4988e-06, -5.6140e-03,  4.4387e-01,
        -5.3535e-06, -5.6334e-03, -9.4292e-07, -6.9133e-07, -1.1754e-06,
         8.3143e-10, -6.5218e-08, -8.8319e-07, -6.9613e-08, -9.4608e-08],
       requires_grad=True)
	Vq:tensor([-7.3739e-04,  4.2116e-01, -6.8876e-05,  3.7328e-03,  3.7834e-01,
        -1.9491e-01,  2.2061e-03, -2.8298e-07,  2.9717e-06,  5.6840e-01,
         8.6423e-07, -1.0727e-06,  3.5456e-06, -2.1200e-06,  1.8898e-07],
       requires_grad=True)
	2500 training points iterated | Loss: 0.03745512291789055
	Tp:tensor([ 6.7748e-04,  4.8400e-01,  7.7929e-07, -5.6056e-03,  4.4387e-01,
        -1.6307e-06, -5.6244e-03,  4.1897e-07,  2.9402e-07,  3.4377e-06,
         2.0718e-07, -4.4709e-08, -2.0622e-07,  4.4080e-08, -6.1497e-08],
       requires_grad=True)
	Vq:tensor([-7.4711e-04,  4.2116e-01, -7.3035e-05,  3.7368e-03,  3.7835e-01,
        -1.9490e-01,  2.2058e-03,  1.5064e-07,  2.9393e-06,  5.6840e-01,
         2.2349e-06,  1.7437e-07,  1.6342e-06, -1.2272e-06,  1.6230e-07],
       requires_grad=True)
	2750 training points iterated | Loss: 0.09174294769763947
	Tp:tensor([ 6.7476e-04,  4.8401e-01,  1.5268e-07, -5.6094e-03,  4.4387e-01,
        -3.9918e-07, -5.6207e-03,  5.0652e-08, -4.5350e-07,  4.7685e-08,
         6.3908e-08, -7.1040e-09, -3.0103e-07, -2.1519e-08, -4.2132e-08],
       requires_grad=True)
	Vq:tensor([-7.4797e-04,  4.2116e-01, -7.3918e-05,  3.7368e-03,  3.7835e-01,
        -1.9490e-01,  2.2037e-03, -3.0814e-07,  4.5506e-07,  5.6840e-01,
         2.2632e-07, -2.2302e-07,  2.0524e-07, -1.5995e-07,  2.6536e-07],
       requires_grad=True)
	3000 training points iterated | Loss: 0.06574276089668274
	Tp:tensor([ 6.7356e-04,  4.8400e-01, -4.4221e-07, -5.6103e-03,  4.4387e-01,
        -4.3260e-07, -5.6185e-03, -2.0344e-07,  5.1295e-08, -1.7923e-07,
         1.4444e-08, -3.1856e-08,  2.9254e-09, -1.8958e-08, -1.4995e-08],
       requires_grad=True)
	Vq:tensor([-7.4450e-04,  4.2116e-01, -7.2222e-05,  3.7369e-03,  3.7835e-01,
        -1.9490e-01,  2.2055e-03,  3.0862e-07,  3.1192e-07,  5.6840e-01,
        -2.0865e-07,  2.6872e-07, -4.3755e-08, -1.8101e-07,  1.3372e-07],
       requires_grad=True)
	3250 training points iterated | Loss: 0.05483151972293854
	Tp:tensor([ 6.7315e-04,  4.8400e-01, -3.0865e-07, -5.6105e-03,  4.4387e-01,
        -3.8163e-07, -5.6155e-03,  3.3992e-08, -1.8705e-08, -1.0620e-07,
        -1.3451e-08, -4.3919e-09,  7.0660e-08, -3.8889e-09,  6.1102e-09],
       requires_grad=True)
	Vq:tensor([-7.4586e-04,  4.2116e-01, -7.1341e-05,  3.7363e-03,  3.7835e-01,
        -1.9490e-01,  2.2038e-03, -1.3910e-06,  1.1718e-07,  5.6840e-01,
        -2.4950e-07,  2.1200e-07, -3.3902e-07, -5.9668e-08,  6.0797e-08],
       requires_grad=True)
	3500 training points iterated | Loss: 0.07235351204872131
	Tp:tensor([ 6.7317e-04,  4.8400e-01, -3.9676e-07, -5.6106e-03,  4.4387e-01,
        -9.3998e-08, -5.6154e-03,  6.3805e-08, -8.8040e-08, -1.7321e-07,
         7.8568e-08, -1.3988e-08, -9.3021e-08,  8.2643e-09, -3.2823e-09],
       requires_grad=True)
	Vq:tensor([-7.4608e-04,  4.2116e-01, -7.0329e-05,  3.7360e-03,  3.7835e-01,
        -1.9490e-01,  2.2036e-03, -1.1446e-06,  7.6045e-08,  5.6840e-01,
        -1.0795e-07,  4.6152e-08, -4.4809e-08,  6.2862e-08, -4.3973e-08],
       requires_grad=True)
	3750 training points iterated | Loss: 0.06966582685709
	Tp:tensor([ 6.7357e-04,  4.8400e-01,  2.2112e-07, -5.6110e-03,  4.4387e-01,
        -3.3918e-07, -5.6156e-03, -3.7446e-08,  1.1286e-08,  1.3682e-07,
         1.8447e-08,  1.0428e-08, -1.0599e-07,  1.4162e-10,  6.3029e-09],
       requires_grad=True)
	Vq:tensor([-7.4571e-04,  4.2116e-01, -6.9957e-05,  3.7359e-03,  3.7835e-01,
        -1.9490e-01,  2.2028e-03, -2.7572e-07,  3.8394e-08,  5.6840e-01,
        -5.7509e-08,  4.5785e-08, -6.9431e-09,  4.3011e-10, -8.6868e-10],
       requires_grad=True)
	4000 training points iterated | Loss: 0.03872954845428467
	Tp:tensor([ 6.7371e-04,  4.8400e-01,  1.6250e-07, -5.6108e-03,  4.4387e-01,
        -1.4627e-07, -5.6152e-03,  4.0737e-08, -5.7780e-09,  7.2395e-08,
        -6.2159e-09, -1.7530e-11, -7.0334e-09,  6.7961e-09, -8.4531e-10],
       requires_grad=True)
	Vq:tensor([-7.4595e-04,  4.2116e-01, -6.9760e-05,  3.7361e-03,  3.7835e-01,
        -1.9490e-01,  2.2024e-03, -7.2223e-08,  2.4679e-09,  5.6840e-01,
        -6.4582e-08,  4.7961e-08, -1.3712e-07,  5.9406e-09, -7.6461e-09],
       requires_grad=True)
	4250 training points iterated | Loss: 0.04014715924859047
	Tp:tensor([ 6.7352e-04,  4.8400e-01, -9.9925e-09, -5.6107e-03,  4.4387e-01,
         1.3428e-08, -5.6151e-03,  1.5904e-09, -9.3792e-09, -7.2482e-09,
        -2.6955e-09,  4.4780e-09, -6.9081e-10, -7.2823e-10,  3.9474e-10],
       requires_grad=True)
	Vq:tensor([-7.4583e-04,  4.2116e-01, -6.9626e-05,  3.7361e-03,  3.7835e-01,
        -1.9490e-01,  2.2024e-03, -6.3570e-09,  3.0327e-08,  5.6840e-01,
        -8.8232e-09,  2.9335e-09,  2.5025e-08, -2.1440e-09, -1.2192e-09],
       requires_grad=True)
	4500 training points iterated | Loss: 0.050841737538576126
	Tp:tensor([ 6.7354e-04,  4.8400e-01,  4.6666e-08, -5.6107e-03,  4.4387e-01,
        -1.2138e-08, -5.6151e-03, -1.8885e-08, -3.9326e-10, -2.0350e-08,
        -6.1730e-09,  7.1148e-10, -1.3130e-08, -8.0452e-10,  1.2934e-09],
       requires_grad=True)
	Vq:tensor([-7.4571e-04,  4.2116e-01, -6.9480e-05,  3.7361e-03,  3.7835e-01,
        -1.9490e-01,  2.2022e-03,  8.2505e-09,  9.4977e-10,  5.6840e-01,
         4.9505e-11,  1.5195e-09, -1.8153e-08,  2.7966e-10, -2.2532e-10],
       requires_grad=True)
	4750 training points iterated | Loss: 0.07923388481140137
	Tp:tensor([ 6.7350e-04,  4.8400e-01,  2.9657e-08, -5.6107e-03,  4.4387e-01,
        -4.3164e-09, -5.6151e-03,  6.9674e-10, -2.4592e-09,  8.6181e-09,
         3.4700e-09, -3.1368e-10, -1.0782e-09,  1.6755e-09, -5.9249e-10],
       requires_grad=True)
	Vq:tensor([-7.4569e-04,  4.2116e-01, -6.9404e-05,  3.7361e-03,  3.7835e-01,
        -1.9490e-01,  2.2022e-03, -9.6389e-09, -2.2806e-09,  5.6840e-01,
        -1.2944e-09,  9.3733e-10, -1.7184e-09,  4.3360e-09, -2.5849e-10],
       requires_grad=True)
	5000 training points iterated | Loss: 0.055144719779491425
epoch (test) 4 | 16:31:05
	Average position euclidean-norm: 0.03572221452362946
	Average momentum euclidean-norm: 0.03672589262200214
	Average loss: 0.048583057790994644
	Weights: Parameter containing:
tensor([[ 6.7350e-04,  4.8400e-01,  2.9657e-08, -5.6107e-03,  4.4387e-01,
         -4.3164e-09, -5.6151e-03,  6.9674e-10, -2.4592e-09,  8.6181e-09,
          3.4700e-09, -3.1368e-10, -1.0782e-09,  1.6755e-09, -5.9249e-10]],
       requires_grad=True)

epoch (train) 5 | 16:31:12
learning rate decayed to 1e-05
	Tp:tensor([ 7.3434e-04,  4.8405e-01,  4.8910e-05, -5.7032e-03,  4.4391e-01,
        -1.5806e-05, -5.6432e-03, -9.5824e-06,  4.5009e-06, -2.7114e-05,
         3.2761e-07,  1.6343e-06, -1.3938e-05,  5.3186e-07, -2.1062e-07],
       requires_grad=True)
	Vq:tensor([-7.7856e-04,  4.2115e-01, -1.3786e-05,  3.6676e-03,  3.7841e-01,
        -1.9489e-01,  2.0857e-03, -1.3012e-05, -9.4989e-06,  5.6851e-01,
         1.1093e-07, -4.1944e-07,  2.4394e-05,  1.9401e-06,  4.8549e-09],
       requires_grad=True)
	250 training points iterated | Loss: 0.04159262031316757
	Tp:tensor([ 6.1823e-04,  4.8405e-01,  9.4564e-07, -5.7112e-03,  4.4390e-01,
        -5.1060e-06, -5.7203e-03,  7.7916e-07, -1.0611e-06,  1.8211e-05,
         3.8992e-06, -3.3874e-06, -6.2189e-06,  2.7349e-06,  3.2970e-06],
       requires_grad=True)
	Vq:tensor([-7.2766e-04,  4.2107e-01, -5.2224e-05,  3.6883e-03,  3.7834e-01,
        -1.9494e-01,  2.0956e-03, -2.8315e-05,  1.9820e-05,  5.6850e-01,
         1.0771e-05, -7.0819e-06, -8.5661e-06,  7.1259e-06, -3.7526e-06],
       requires_grad=True)
	500 training points iterated | Loss: 0.0392247810959816
	Tp:tensor([ 6.5671e-04,  4.8404e-01,  3.7141e-05, -5.6670e-03,  4.4390e-01,
         1.2309e-05, -5.7226e-03,  3.0652e-05,  1.0978e-06,  3.6627e-06,
         5.1294e-07, -2.5445e-07, -3.9655e-06, -3.1909e-07, -8.5429e-08],
       requires_grad=True)
	Vq:tensor([-6.8667e-04,  4.2111e-01, -1.8910e-05,  3.6990e-03,  3.7835e-01,
        -1.9499e-01,  2.1415e-03, -8.5826e-06,  1.5969e-05,  5.6856e-01,
         5.4586e-06, -2.5164e-06,  2.1056e-05, -8.8593e-06,  2.2805e-07],
       requires_grad=True)
	750 training points iterated | Loss: 0.030519630759954453
	Tp:tensor([ 6.3973e-04,  4.8405e-01, -5.5142e-06, -5.6592e-03,  4.4389e-01,
        -1.3674e-06, -5.7038e-03, -8.0514e-07, -5.0449e-07, -7.1330e-06,
         1.6083e-06,  1.2314e-07, -1.1780e-07, -3.8299e-07, -7.0545e-07],
       requires_grad=True)
	Vq:tensor([-6.7081e-04,  4.2109e-01,  9.3412e-06,  3.6927e-03,  3.7835e-01,
        -1.9498e-01,  2.1057e-03,  3.7172e-06, -4.2686e-06,  5.6862e-01,
        -2.4767e-07,  6.0823e-07, -2.5359e-06,  1.6297e-07,  1.8816e-07],
       requires_grad=True)
	1000 training points iterated | Loss: 0.07235035300254822
	Tp:tensor([ 6.5918e-04,  4.8403e-01,  7.8730e-07, -5.6587e-03,  4.4388e-01,
        -6.0967e-06, -5.6810e-03,  6.5057e-07, -1.5968e-06, -6.9361e-07,
        -1.7375e-06, -3.8524e-07, -4.9069e-07, -3.1294e-07, -4.3209e-08],
       requires_grad=True)
	Vq:tensor([-6.9038e-04,  4.2111e-01, -1.6652e-05,  3.6970e-03,  3.7834e-01,
        -1.9498e-01,  2.1012e-03, -5.5227e-06,  8.9906e-06,  5.6864e-01,
        -6.4258e-06, -1.2328e-07,  7.5721e-06, -2.4256e-06, -3.4405e-07],
       requires_grad=True)
	1250 training points iterated | Loss: 0.03148573637008667
	Tp:tensor([ 6.5029e-04,  4.8403e-01, -1.1610e-06, -5.6681e-03,  4.4388e-01,
        -3.5723e-06, -5.6730e-03, -8.1950e-07,  3.3317e-06, -5.2498e-06,
         7.5735e-07, -4.0180e-08,  9.1625e-07, -1.5276e-07,  7.2527e-08],
       requires_grad=True)
	Vq:tensor([-6.9391e-04,  4.2112e-01, -1.4547e-05,  3.7020e-03,  3.7835e-01,
        -1.9497e-01,  2.0943e-03, -7.0530e-07, -2.0102e-06,  5.6865e-01,
         7.6894e-07, -2.1820e-07, -2.2733e-06,  1.8475e-06, -5.4474e-07],
       requires_grad=True)
	1500 training points iterated | Loss: 0.06942223012447357
	Tp:tensor([ 6.4689e-04,  4.8404e-01, -1.2692e-06, -5.6613e-03,  4.4388e-01,
         6.3364e-07, -5.6624e-03, -3.7472e-06, -3.8053e-08,  7.9048e-07,
         3.3991e-08,  1.3360e-07,  1.4203e-06, -5.2882e-11,  1.0836e-07],
       requires_grad=True)
	Vq:tensor([-7.0135e-04,  4.2112e-01, -1.8785e-05,  3.7048e-03,  3.7835e-01,
        -1.9497e-01,  2.0952e-03, -6.7958e-07,  1.8091e-06,  5.6865e-01,
         9.7394e-09, -1.1953e-07,  8.0903e-07,  1.8001e-08,  4.5210e-08],
       requires_grad=True)
	1750 training points iterated | Loss: 0.02940911054611206
	Tp:tensor([ 6.4941e-04,  4.8404e-01,  5.2074e-07, -5.6589e-03,  4.4388e-01,
         3.6351e-07, -5.6601e-03, -1.9135e-07, -2.4168e-07,  9.0771e-07,
         2.3241e-07, -8.6422e-08,  1.8136e-07, -1.2714e-07, -4.4192e-08],
       requires_grad=True)
	Vq:tensor([-6.9331e-04,  4.2112e-01, -9.7209e-06,  3.7039e-03,  3.7835e-01,
        -1.9497e-01,  2.0982e-03,  2.5938e-07, -1.4000e-07,  5.6865e-01,
        -6.1950e-08, -1.8370e-08, -6.5469e-07,  1.1062e-07, -3.1406e-08],
       requires_grad=True)
	2000 training points iterated | Loss: 0.02183525823056698
	Tp:tensor([ 6.4982e-04,  4.8404e-01,  8.8556e-07, -5.6581e-03,  4.4388e-01,
        -1.2330e-07, -5.6551e-03, -2.7959e-07, -1.2172e-07,  6.2109e-08,
         6.0103e-08, -7.9077e-08, -3.4452e-07, -9.1119e-09, -2.3339e-08],
       requires_grad=True)
	Vq:tensor([-6.9188e-04,  4.2112e-01, -7.0340e-06,  3.7036e-03,  3.7835e-01,
        -1.9497e-01,  2.0954e-03,  5.6711e-07,  2.7643e-07,  5.6866e-01,
        -5.9426e-07,  3.2322e-07,  1.5725e-07,  3.7721e-07, -4.5268e-07],
       requires_grad=True)
	2250 training points iterated | Loss: 0.02705758810043335
	Tp:tensor([ 6.4961e-04,  4.8404e-01,  1.5158e-07, -5.6590e-03,  4.4388e-01,
        -5.4031e-07, -5.6545e-03, -9.6477e-08, -6.7806e-08, -1.1903e-07,
        -6.8157e-09,  2.0342e-08, -8.9052e-08, -6.0995e-08, -6.0168e-10],
       requires_grad=True)
	Vq:tensor([-6.9194e-04,  4.2111e-01, -6.8528e-06,  3.7019e-03,  3.7835e-01,
        -1.9497e-01,  2.0960e-03, -2.9658e-08,  2.7241e-07,  5.6866e-01,
         9.3668e-08, -9.5803e-08,  3.5968e-07, -2.1038e-07,  3.5099e-09],
       requires_grad=True)
	2500 training points iterated | Loss: 0.03744885325431824
	Tp:tensor([ 6.4899e-04,  4.8404e-01,  7.5931e-08, -5.6581e-03,  4.4388e-01,
        -1.6357e-07, -5.6536e-03,  4.5409e-08,  3.1440e-08,  3.5328e-07,
         9.6455e-09, -1.3709e-08, -1.3562e-08,  6.4595e-09, -3.5470e-09],
       requires_grad=True)
	Vq:tensor([-6.9291e-04,  4.2111e-01, -7.2687e-06,  3.7023e-03,  3.7835e-01,
        -1.9497e-01,  2.0960e-03,  1.3688e-08,  2.9650e-07,  5.6866e-01,
         2.2177e-07,  1.5701e-08,  1.6468e-07, -1.2279e-07,  1.1760e-08],
       requires_grad=True)
	2750 training points iterated | Loss: 0.09174247086048126
	Tp:tensor([ 6.4874e-04,  4.8404e-01,  4.4407e-08, -5.6585e-03,  4.4388e-01,
        -4.0424e-08, -5.6532e-03,  2.2766e-09, -2.3055e-08,  3.0527e-08,
         1.7524e-08, -4.0011e-09, -3.7612e-08,  2.9004e-09, -6.0024e-09],
       requires_grad=True)
	Vq:tensor([-6.9300e-04,  4.2111e-01, -7.3573e-06,  3.7023e-03,  3.7835e-01,
        -1.9497e-01,  2.0958e-03, -3.2520e-08,  4.6386e-08,  5.6866e-01,
         2.0093e-08, -2.2719e-08,  2.3838e-08, -1.6010e-08,  3.8511e-08],
       requires_grad=True)
	3000 training points iterated | Loss: 0.06573545187711716
	Tp:tensor([ 6.4862e-04,  4.8404e-01, -4.3735e-08, -5.6586e-03,  4.4388e-01,
        -4.1870e-08, -5.6530e-03, -2.1942e-08,  3.0505e-09, -1.7801e-08,
         4.2919e-10, -2.2799e-09, -3.0613e-10,  7.3336e-09, -1.1925e-09],
       requires_grad=True)
	Vq:tensor([-6.9265e-04,  4.2111e-01, -7.1876e-06,  3.7023e-03,  3.7835e-01,
        -1.9497e-01,  2.0959e-03,  3.0697e-08,  3.2013e-08,  5.6866e-01,
        -1.8991e-08,  2.8014e-08, -6.1251e-09, -1.8120e-08,  1.3672e-08],
       requires_grad=True)
	3250 training points iterated | Loss: 0.05483158305287361
	Tp:tensor([ 6.4858e-04,  4.8404e-01, -3.0377e-08, -5.6586e-03,  4.4388e-01,
        -3.7968e-08, -5.6527e-03,  3.7132e-09, -1.0886e-09, -1.0830e-08,
        -6.5034e-10, -3.8628e-10,  5.7485e-09,  2.4997e-10, -4.9823e-10],
       requires_grad=True)
	Vq:tensor([-6.9279e-04,  4.2111e-01, -7.0995e-06,  3.7023e-03,  3.7835e-01,
        -1.9497e-01,  2.0958e-03, -1.3916e-07,  1.1576e-08,  5.6866e-01,
        -2.3846e-08,  2.0048e-08, -3.3831e-08, -5.9739e-09,  6.8201e-09],
       requires_grad=True)
	3500 training points iterated | Loss: 0.07236655056476593
	Tp:tensor([ 6.4859e-04,  4.8404e-01, -3.9672e-08, -5.6586e-03,  4.4388e-01,
        -9.3176e-09, -5.6527e-03,  6.6896e-09, -8.0571e-09, -1.6809e-08,
         7.3213e-09, -2.2205e-10, -1.0059e-08,  1.0673e-09, -6.5039e-10],
       requires_grad=True)
	Vq:tensor([-6.9281e-04,  4.2111e-01, -6.9983e-06,  3.7023e-03,  3.7835e-01,
        -1.9497e-01,  2.0957e-03, -1.1454e-07,  7.8315e-09,  5.6866e-01,
        -1.1069e-08,  4.8420e-09, -4.4826e-09,  6.2863e-09, -5.9785e-09],
       requires_grad=True)
	3750 training points iterated | Loss: 0.06965277343988419
	Tp:tensor([ 6.4863e-04,  4.8404e-01,  2.2132e-08, -5.6587e-03,  4.4388e-01,
        -3.3839e-08, -5.6527e-03, -3.4364e-09,  1.1708e-09,  1.3586e-08,
         1.5912e-09,  5.8280e-10, -9.8821e-09,  6.8595e-10,  2.2847e-10],
       requires_grad=True)
	Vq:tensor([-6.9277e-04,  4.2111e-01, -6.9611e-06,  3.7022e-03,  3.7835e-01,
        -1.9497e-01,  2.0957e-03, -2.7671e-08,  4.0166e-09,  5.6866e-01,
        -5.2949e-09,  2.8618e-09, -6.5913e-10,  4.1028e-11, -2.0285e-10],
       requires_grad=True)
	4000 training points iterated | Loss: 0.03872579336166382
	Tp:tensor([ 6.4864e-04,  4.8404e-01,  1.6269e-08, -5.6587e-03,  4.4388e-01,
        -1.4546e-08, -5.6526e-03,  4.0437e-09, -3.6630e-10,  7.3918e-09,
        -5.7646e-10,  1.8828e-10, -3.3293e-10,  8.6149e-10, -4.8380e-11],
       requires_grad=True)
	Vq:tensor([-6.9279e-04,  4.2111e-01, -6.9414e-06,  3.7023e-03,  3.7835e-01,
        -1.9497e-01,  2.0956e-03, -7.3252e-09,  8.6749e-11,  5.6866e-01,
        -6.4484e-09,  4.8261e-09, -1.3674e-08,  5.9276e-10, -1.4340e-10],
       requires_grad=True)
	4250 training points iterated | Loss: 0.04014674946665764
	Tp:tensor([ 6.4862e-04,  4.8404e-01, -9.8246e-10, -5.6586e-03,  4.4388e-01,
         1.3449e-09, -5.6526e-03,  2.0585e-10, -9.6290e-10, -7.5234e-10,
        -3.9583e-10, -2.8907e-11,  3.8504e-12,  2.2412e-10, -4.6081e-11],
       requires_grad=True)
	Vq:tensor([-6.9278e-04,  4.2111e-01, -6.9280e-06,  3.7023e-03,  3.7835e-01,
        -1.9497e-01,  2.0956e-03, -6.3023e-10,  2.9207e-09,  5.6866e-01,
        -8.5664e-10,  3.6611e-10,  2.5550e-09, -2.1600e-10,  7.6902e-11],
       requires_grad=True)
	4500 training points iterated | Loss: 0.050839222967624664
	Tp:tensor([ 6.4862e-04,  4.8404e-01,  4.6838e-09, -5.6586e-03,  4.4388e-01,
        -7.2983e-10, -5.6526e-03, -2.1922e-09, -2.7424e-10, -1.8713e-09,
        -7.0802e-10,  3.5703e-11, -1.2901e-09, -7.2446e-11,  7.9575e-11],
       requires_grad=True)
	Vq:tensor([-6.9277e-04,  4.2111e-01, -6.9134e-06,  3.7023e-03,  3.7835e-01,
        -1.9497e-01,  2.0956e-03,  8.0730e-10,  8.6321e-11,  5.6866e-01,
        -8.9826e-12,  3.2941e-11, -1.7715e-09,  2.1048e-11,  8.0898e-11],
       requires_grad=True)
	4750 training points iterated | Loss: 0.07923530042171478
	Tp:tensor([ 6.4862e-04,  4.8404e-01,  2.9828e-09, -5.6586e-03,  4.4388e-01,
        -2.2274e-10, -5.6526e-03,  6.4893e-11, -2.7821e-10,  8.2032e-10,
         3.6115e-10, -1.1364e-11, -2.8321e-10,  1.7784e-10,  9.0829e-13],
       requires_grad=True)
	Vq:tensor([-6.9277e-04,  4.2111e-01, -6.9059e-06,  3.7023e-03,  3.7835e-01,
        -1.9497e-01,  2.0956e-03, -9.8251e-10, -2.2720e-10,  5.6866e-01,
        -1.4594e-10,  4.5048e-11, -1.4898e-10,  4.0792e-10,  4.1899e-11],
       requires_grad=True)
	5000 training points iterated | Loss: 0.05513853579759598
epoch (test) 5 | 16:31:59
	Average position euclidean-norm: 0.03572220073385857
	Average momentum euclidean-norm: 0.03672509076713487
	Average loss: 0.04858256631530821
	Weights: Parameter containing:
tensor([[ 6.4862e-04,  4.8404e-01,  2.9828e-09, -5.6586e-03,  4.4388e-01,
         -2.2274e-10, -5.6526e-03,  6.4893e-11, -2.7821e-10,  8.2032e-10,
          3.6115e-10, -1.1364e-11, -2.8321e-10,  1.7784e-10,  9.0829e-13]],
       requires_grad=True)

epoch (train) 6 | 16:32:05
	Tp:tensor([ 6.4862e-04,  4.8404e-01,  3.6805e-09, -5.6586e-03,  4.4388e-01,
        -2.3425e-10, -5.6526e-03, -1.1672e-10, -4.5714e-12, -3.7240e-10,
         6.2482e-11,  3.0811e-11, -1.9204e-10, -5.0203e-12, -1.6845e-11],
       requires_grad=True)
	Vq:tensor([-6.9277e-04,  4.2111e-01, -6.9038e-06,  3.7023e-03,  3.7835e-01,
        -1.9497e-01,  2.0956e-03, -2.0384e-10, -1.3650e-10,  5.6866e-01,
        -1.4222e-11,  1.5221e-11,  3.6750e-10,  2.7876e-11, -3.3288e-12],
       requires_grad=True)
	250 training points iterated | Loss: 0.04160304740071297
	Tp:tensor([ 6.4862e-04,  4.8404e-01,  1.2133e-09, -5.6586e-03,  4.4388e-01,
        -7.2058e-11, -5.6526e-03,  1.6765e-11, -3.0123e-12,  2.7875e-10,
         6.9111e-11,  5.2603e-12, -8.8464e-11,  3.2067e-11, -1.0577e-11],
       requires_grad=True)
	Vq:tensor([-6.9277e-04,  4.2111e-01, -6.9043e-06,  3.7023e-03,  3.7835e-01,
        -1.9497e-01,  2.0956e-03, -3.8828e-10,  2.7642e-10,  5.6866e-01,
         1.4575e-10, -1.3918e-10, -1.3715e-10,  9.0235e-11, -5.1806e-11],
       requires_grad=True)
	500 training points iterated | Loss: 0.03921801596879959
	Tp:tensor([ 6.4862e-04,  4.8404e-01,  8.0161e-10, -5.6586e-03,  4.4388e-01,
         1.7636e-10, -5.6526e-03,  4.3375e-10,  5.3750e-13,  4.0231e-11,
        -8.9149e-13, -4.3942e-12, -6.0565e-11,  5.7105e-12, -3.8741e-12],
       requires_grad=True)
	Vq:tensor([-6.9277e-04,  4.2111e-01, -6.9037e-06,  3.7023e-03,  3.7835e-01,
        -1.9497e-01,  2.0956e-03, -1.2546e-10,  2.3438e-10,  5.6866e-01,
         7.8057e-11, -3.4868e-11,  3.0874e-10, -1.2997e-10,  2.2495e-11],
       requires_grad=True)
	750 training points iterated | Loss: 0.03051389753818512
	Tp:tensor([ 6.4862e-04,  4.8404e-01,  7.3819e-11, -5.6586e-03,  4.4388e-01,
        -1.8729e-11, -5.6526e-03, -1.4512e-11, -5.5195e-12, -1.0018e-10,
         1.5643e-11, -6.8253e-12, -4.6318e-12,  7.1263e-13,  1.4797e-12],
       requires_grad=True)
	Vq:tensor([-6.9277e-04,  4.2111e-01, -6.9032e-06,  3.7023e-03,  3.7835e-01,
        -1.9497e-01,  2.0956e-03,  5.0485e-11, -6.4138e-11,  5.6866e-01,
        -7.8800e-13,  8.4892e-12, -4.4482e-11,  1.6584e-12,  1.3106e-12],
       requires_grad=True)
	1000 training points iterated | Loss: 0.07234970480203629
	Tp:tensor([ 6.4862e-04,  4.8404e-01,  6.6792e-12, -5.6586e-03,  4.4388e-01,
        -8.7987e-11, -5.6526e-03,  9.3723e-12, -2.4733e-11, -8.5953e-12,
        -1.9419e-11, -6.5896e-12, -4.3912e-12,  1.4392e-13, -1.8833e-12],
       requires_grad=True)
	Vq:tensor([-6.9277e-04,  4.2111e-01, -6.9034e-06,  3.7023e-03,  3.7835e-01,
        -1.9497e-01,  2.0956e-03, -7.8536e-11,  1.2543e-10,  5.6866e-01,
        -9.2728e-11, -4.1622e-12,  1.0977e-10, -4.2222e-11,  3.9997e-13],
       requires_grad=True)
	1250 training points iterated | Loss: 0.031484611332416534
	Tp:tensor([ 6.4862e-04,  4.8404e-01, -1.6416e-11, -5.6586e-03,  4.4388e-01,
        -5.0841e-11, -5.6526e-03, -1.1585e-11,  4.8313e-11, -7.4805e-11,
         1.2435e-11, -1.2455e-12,  1.0477e-11,  1.1698e-12, -1.3653e-12],
       requires_grad=True)
	Vq:tensor([-6.9277e-04,  4.2111e-01, -6.9034e-06,  3.7023e-03,  3.7835e-01,
        -1.9497e-01,  2.0956e-03, -1.0919e-11, -2.8775e-11,  5.6866e-01,
         1.2250e-11, -3.5409e-12, -3.1996e-11,  1.8729e-11, -5.1606e-12],
       requires_grad=True)
	1500 training points iterated | Loss: 0.0694212093949318
	Tp:tensor([ 6.4862e-04,  4.8404e-01, -1.7955e-11, -5.6586e-03,  4.4388e-01,
         9.9216e-12, -5.6526e-03, -5.3376e-11,  1.2366e-12,  1.1248e-11,
        -6.5554e-13,  2.5484e-12,  2.0519e-11,  1.6892e-12, -5.9894e-13],
       requires_grad=True)
	Vq:tensor([-6.9277e-04,  4.2111e-01, -6.9035e-06,  3.7023e-03,  3.7835e-01,
        -1.9497e-01,  2.0956e-03, -1.0559e-11,  2.5996e-11,  5.6866e-01,
         4.6396e-13, -1.9259e-12,  9.6225e-12,  6.5522e-14,  3.8571e-13],
       requires_grad=True)
	1750 training points iterated | Loss: 0.029409412294626236
	Tp:tensor([ 6.4862e-04,  4.8404e-01,  7.6084e-12, -5.6586e-03,  4.4388e-01,
         5.0013e-12, -5.6526e-03, -2.1444e-12, -3.3618e-12,  1.2919e-11,
         4.1399e-12, -1.1380e-12,  2.7543e-12, -7.2471e-14, -7.9673e-13],
       requires_grad=True)
	Vq:tensor([-6.9277e-04,  4.2111e-01, -6.9033e-06,  3.7023e-03,  3.7835e-01,
        -1.9497e-01,  2.0956e-03,  4.2565e-12, -2.5205e-12,  5.6866e-01,
        -1.0576e-12, -3.6902e-13, -9.5607e-12,  1.6509e-12,  1.1948e-13],
       requires_grad=True)
	2000 training points iterated | Loss: 0.02183525636792183
	Tp:tensor([ 6.4862e-04,  4.8404e-01,  1.2577e-11, -5.6586e-03,  4.4388e-01,
        -1.7546e-12, -5.6526e-03, -3.8442e-12, -1.8119e-12,  9.6901e-13,
         1.4195e-13, -8.0849e-13, -4.7694e-12, -1.8987e-14, -2.2287e-13],
       requires_grad=True)
	Vq:tensor([-6.9277e-04,  4.2111e-01, -6.9033e-06,  3.7023e-03,  3.7835e-01,
        -1.9497e-01,  2.0956e-03,  7.7888e-12,  3.9985e-12,  5.6866e-01,
        -8.5493e-12,  4.8206e-12,  2.4346e-12,  5.6841e-12, -5.6645e-12],
       requires_grad=True)
	2250 training points iterated | Loss: 0.027057690545916557
	Tp:tensor([ 6.4862e-04,  4.8404e-01,  2.0972e-12, -5.6586e-03,  4.4388e-01,
        -7.7050e-12, -5.6526e-03, -1.3566e-12, -9.6784e-13, -1.6825e-12,
         6.9943e-16, -3.7243e-13, -1.1911e-12, -8.6161e-13, -1.1072e-13],
       requires_grad=True)
	Vq:tensor([-6.9277e-04,  4.2111e-01, -6.9033e-06,  3.7023e-03,  3.7835e-01,
        -1.9497e-01,  2.0956e-03, -3.9591e-13,  4.1771e-12,  5.6866e-01,
         1.2991e-12, -1.2440e-12,  5.0712e-12, -2.8636e-12,  1.6975e-13],
       requires_grad=True)
	2500 training points iterated | Loss: 0.03744886815547943
	Tp:tensor([ 6.4862e-04,  4.8404e-01,  1.0963e-12, -5.6586e-03,  4.4388e-01,
        -2.3289e-12, -5.6526e-03,  5.8711e-13,  4.4811e-13,  4.9035e-12,
         2.1164e-13,  4.7460e-15, -3.2157e-13,  4.3276e-13, -7.9842e-14],
       requires_grad=True)
	Vq:tensor([-6.9277e-04,  4.2111e-01, -6.9033e-06,  3.7023e-03,  3.7835e-01,
        -1.9497e-01,  2.0956e-03,  2.2316e-13,  4.2667e-12,  5.6866e-01,
         3.1179e-12,  1.8214e-13,  2.3129e-12, -2.3440e-12, -1.1452e-13],
       requires_grad=True)
	2750 training points iterated | Loss: 0.09174246340990067
	Tp:tensor([ 6.4862e-04,  4.8404e-01,  6.4612e-13, -5.6586e-03,  4.4388e-01,
        -5.7159e-13, -5.6526e-03,  8.6629e-15, -3.2946e-13,  4.4639e-13,
         1.6212e-13, -8.9648e-14, -5.1248e-13, -2.4732e-14,  7.4411e-14],
       requires_grad=True)
	Vq:tensor([-6.9277e-04,  4.2111e-01, -6.9033e-06,  3.7023e-03,  3.7835e-01,
        -1.9497e-01,  2.0956e-03, -4.3668e-13,  6.4924e-13,  5.6866e-01,
         3.5170e-13, -2.5742e-13,  3.1452e-13, -2.8403e-13,  5.8342e-13],
       requires_grad=True)
	3000 training points iterated | Loss: 0.06573539227247238
	Tp:tensor([ 6.4862e-04,  4.8404e-01, -6.3713e-13, -5.6586e-03,  4.4388e-01,
        -6.1930e-13, -5.6526e-03, -3.1031e-13,  4.3040e-14, -2.4334e-13,
        -6.1778e-15, -4.0128e-14,  1.7798e-14,  6.1442e-14,  2.8209e-14],
       requires_grad=True)
	Vq:tensor([-6.9277e-04,  4.2111e-01, -6.9033e-06,  3.7023e-03,  3.7835e-01,
        -1.9497e-01,  2.0956e-03,  4.4338e-13,  4.4610e-13,  5.6866e-01,
        -3.0657e-13,  3.9756e-13, -7.2247e-14, -2.9521e-13,  1.3593e-13],
       requires_grad=True)
	3250 training points iterated | Loss: 0.054831527173519135
	Tp:tensor([ 6.4862e-04,  4.8404e-01, -4.4645e-13, -5.6586e-03,  4.4388e-01,
        -5.4613e-13, -5.6526e-03,  3.8901e-14, -1.6029e-14, -1.4588e-13,
        -6.7025e-15, -1.7959e-14,  9.5729e-14, -3.4385e-15, -5.3843e-15],
       requires_grad=True)
	Vq:tensor([-6.9277e-04,  4.2111e-01, -6.9033e-06,  3.7023e-03,  3.7835e-01,
        -1.9497e-01,  2.0956e-03, -1.9827e-12,  1.5509e-13,  5.6866e-01,
        -3.3717e-13,  2.8471e-13, -4.6778e-13, -5.5554e-14,  9.6563e-14],
       requires_grad=True)
	3500 training points iterated | Loss: 0.07236651331186295
	Tp:tensor([ 6.4862e-04,  4.8404e-01, -5.6370e-13, -5.6586e-03,  4.4388e-01,
        -1.3576e-13, -5.6526e-03,  1.0158e-13, -1.1548e-13, -2.4305e-13,
         1.0723e-13, -4.9276e-14, -1.5668e-13, -1.5837e-15, -1.0655e-14],
       requires_grad=True)
	Vq:tensor([-6.9277e-04,  4.2111e-01, -6.9033e-06,  3.7023e-03,  3.7835e-01,
        -1.9497e-01,  2.0956e-03, -1.6311e-12,  1.1189e-13,  5.6866e-01,
        -1.5525e-13,  5.6775e-14, -6.3439e-14,  9.5231e-14, -9.2020e-14],
       requires_grad=True)
	3750 training points iterated | Loss: 0.06965276598930359
	Tp:tensor([ 6.4862e-04,  4.8404e-01,  3.1830e-13, -5.6586e-03,  4.4388e-01,
        -4.8559e-13, -5.6526e-03, -5.4025e-14,  1.6285e-14,  1.9061e-13,
         2.8233e-14,  1.8519e-14, -1.5390e-13,  1.1234e-14,  4.6863e-15],
       requires_grad=True)
	Vq:tensor([-6.9277e-04,  4.2111e-01, -6.9033e-06,  3.7023e-03,  3.7835e-01,
        -1.9497e-01,  2.0956e-03, -3.9087e-13,  5.7335e-14,  5.6866e-01,
        -7.4209e-14,  6.0468e-14, -9.1991e-15,  6.2586e-15, -1.3892e-14],
       requires_grad=True)
	4000 training points iterated | Loss: 0.03872578963637352
	Tp:tensor([ 6.4862e-04,  4.8404e-01,  2.3463e-13, -5.6586e-03,  4.4388e-01,
        -2.1030e-13, -5.6526e-03,  5.8450e-14, -5.6626e-15,  1.0757e-13,
        -9.9118e-15,  1.1672e-15, -5.8402e-15,  7.3212e-15, -3.1556e-15],
       requires_grad=True)
	Vq:tensor([-6.9277e-04,  4.2111e-01, -6.9033e-06,  3.7023e-03,  3.7835e-01,
        -1.9497e-01,  2.0956e-03, -1.0040e-13,  1.1727e-15,  5.6866e-01,
        -9.1475e-14,  7.1094e-14, -1.9857e-13,  4.6354e-15, -2.1603e-15],
       requires_grad=True)
	4250 training points iterated | Loss: 0.04014674946665764
	Tp:tensor([ 6.4862e-04,  4.8404e-01, -1.1583e-14, -5.6586e-03,  4.4388e-01,
         1.8715e-14, -5.6526e-03,  2.5489e-15, -1.3716e-14, -1.1423e-14,
        -3.8383e-15,  8.0466e-15, -6.9209e-16, -1.1848e-15,  1.6693e-16],
       requires_grad=True)
	Vq:tensor([-6.9277e-04,  4.2111e-01, -6.9033e-06,  3.7023e-03,  3.7835e-01,
        -1.9497e-01,  2.0956e-03, -9.5155e-15,  4.1652e-14,  5.6866e-01,
        -1.1867e-14,  3.3075e-15,  3.7564e-14, -6.9305e-15,  1.2282e-15],
       requires_grad=True)
	4500 training points iterated | Loss: 0.050839222967624664
	Tp:tensor([ 6.4862e-04,  4.8404e-01,  6.5258e-14, -5.6586e-03,  4.4388e-01,
        -1.0178e-14, -5.6526e-03, -3.1200e-14, -3.8964e-15, -2.7412e-14,
        -9.2987e-15, -7.1456e-18, -1.9019e-14, -3.3186e-15,  2.3162e-15],
       requires_grad=True)
	Vq:tensor([-6.9277e-04,  4.2111e-01, -6.9033e-06,  3.7023e-03,  3.7835e-01,
        -1.9497e-01,  2.0956e-03,  1.1005e-14,  1.1623e-15,  5.6866e-01,
        -2.6634e-16,  1.4826e-16, -2.6028e-14,  4.8669e-16,  1.1535e-15],
       requires_grad=True)
	4750 training points iterated | Loss: 0.07923530042171478
	Tp:tensor([ 6.4862e-04,  4.8404e-01,  4.0988e-14, -5.6586e-03,  4.4388e-01,
        -2.9380e-15, -5.6526e-03,  8.9416e-16, -3.9537e-15,  1.1904e-14,
         5.7034e-15,  2.1433e-16, -1.6353e-15,  4.0663e-15, -7.4361e-16],
       requires_grad=True)
	Vq:tensor([-6.9277e-04,  4.2111e-01, -6.9033e-06,  3.7023e-03,  3.7835e-01,
        -1.9497e-01,  2.0956e-03, -1.3923e-14, -3.0123e-15,  5.6866e-01,
        -1.7356e-15,  4.3997e-16, -2.5247e-15,  5.3196e-15,  1.8655e-15],
       requires_grad=True)
	5000 training points iterated | Loss: 0.05513853579759598
epoch (test) 6 | 16:32:53
	Average position euclidean-norm: 0.03572220084429464
	Average momentum euclidean-norm: 0.03672509079864938
	Average loss: 0.048582566456869244
	Weights: Parameter containing:
tensor([[ 6.4862e-04,  4.8404e-01,  4.0988e-14, -5.6586e-03,  4.4388e-01,
         -2.9380e-15, -5.6526e-03,  8.9416e-16, -3.9537e-15,  1.1904e-14,
          5.7034e-15,  2.1433e-16, -1.6353e-15,  4.0663e-15, -7.4361e-16]],
       requires_grad=True)

